[ 2017-11-17T14:07:05+08:00 ] 127.0.0.1 /Admin/Department/index
INFO: [ app_init ] --START--
INFO: Run Behavior\BuildLiteBehavior [ RunTime:0.000000s ]
INFO: [ app_init ] --END-- [ RunTime:0.000000s ]
INFO: [ app_begin ] --START--
INFO: Run Behavior\ReadHtmlCacheBehavior [ RunTime:0.000000s ]
INFO: [ app_begin ] --END-- [ RunTime:0.000000s ]
SQL: SHOW COLUMNS FROM `access` [ RunTime:0.0540s ]
SQL: SHOW COLUMNS FROM `access` [ RunTime:0.0590s ]
SQL: SELECT a.*,m.id as m_id,m.`name`,m.modular,m.controller,m.method FROM access a LEFT JOIN menu m ON m.id = a.menu_id  WHERE ( user_id = 5 and (`add` = 1 OR `update` = 1 OR `delete`=1) )  [ RunTime:0.0560s ]
SQL: SHOW COLUMNS FROM `department` [ RunTime:0.0550s ]
SQL: SHOW COLUMNS FROM `department` [ RunTime:0.0540s ]
SQL: SELECT COUNT(*) AS tp_count FROM `department` LIMIT 1   [ RunTime:0.0560s ]
SQL: SHOW COLUMNS FROM `department` [ RunTime:0.0570s ]
SQL: SELECT * FROM `department` WHERE ( 1=1 ) ORDER BY department_id desc LIMIT 0,10   [ RunTime:0.0550s ]
INFO: [ view_parse ] --START--
INFO: [ template_filter ] --START--
INFO: Run Behavior\ContentReplaceBehavior [ RunTime:0.000000s ]
INFO: [ template_filter ] --END-- [ RunTime:0.000000s ]
INFO: Run Behavior\ParseTemplateBehavior [ RunTime:0.014000s ]
INFO: [ view_parse ] --END-- [ RunTime:0.014000s ]
INFO: [ view_filter ] --START--
INFO: Run Behavior\WriteHtmlCacheBehavior [ RunTime:0.001001s ]
INFO: [ view_filter ] --END-- [ RunTime:0.001001s ]
INFO: [ view_parse ] --START--
INFO: [ template_filter ] --START--
INFO: Run Behavior\ContentReplaceBehavior [ RunTime:0.000000s ]
INFO: [ template_filter ] --END-- [ RunTime:-0.007001s ]
NOTIC: [8] Undefined index: id D:\PhpStudy\web\thinkphp\Application\Runtime\Cache\Admin\f2baec771aba0772b0875523439f11eb.php 第 66 行.
NOTIC: [8] Undefined index: id D:\PhpStudy\web\thinkphp\Application\Runtime\Cache\Admin\f2baec771aba0772b0875523439f11eb.php 第 66 行.
NOTIC: [8] Undefined index: id D:\PhpStudy\web\thinkphp\Application\Runtime\Cache\Admin\f2baec771aba0772b0875523439f11eb.php 第 66 行.
NOTIC: [8] Undefined index: id D:\PhpStudy\web\thinkphp\Application\Runtime\Cache\Admin\f2baec771aba0772b0875523439f11eb.php 第 66 行.
INFO: Run Behavior\ParseTemplateBehavior [ RunTime:0.006000s ]
INFO: [ view_parse ] --END-- [ RunTime:-0.001001s ]
INFO: [ view_filter ] --START--
INFO: Run Behavior\WriteHtmlCacheBehavior [ RunTime:0.000000s ]
INFO: [ view_filter ] --END-- [ RunTime:-0.006000s ]
NOTIC: [2] Cannot modify header information - headers already sent by (output started at D:\PhpStudy\web\thinkphp\ThinkPHP\Library\Think\View.class.php:95) D:\PhpStudy\web\thinkphp\ThinkPHP\Library\Think\View.class.php 第 91 行.
NOTIC: [2] Cannot modify header information - headers already sent by (output started at D:\PhpStudy\web\thinkphp\ThinkPHP\Library\Think\View.class.php:95) D:\PhpStudy\web\thinkphp\ThinkPHP\Library\Think\View.class.php 第 92 行.
NOTIC: [2] Cannot modify header information - headers already sent by (output started at D:\PhpStudy\web\thinkphp\ThinkPHP\Library\Think\View.class.php:95) D:\PhpStudy\web\thinkphp\ThinkPHP\Library\Think\View.class.php 第 93 行.
INFO: [ app_end ] --START--
INFO: Run Behavior\ShowPageTraceBehavior [ RunTime:0.001000s ]
INFO: [ app_end ] --END-- [ RunTime:0.001000s ]

[ 2017-11-17T14:08:20+08:00 ] 127.0.0.1 /Admin/Department/index
INFO: [ app_init ] --START--
INFO: Run Behavior\BuildLiteBehavior [ RunTime:0.000000s ]
INFO: [ app_init ] --END-- [ RunTime:0.001000s ]
INFO: [ app_begin ] --START--
INFO: Run Behavior\ReadHtmlCacheBehavior [ RunTime:0.001000s ]
INFO: [ app_begin ] --END-- [ RunTime:0.001000s ]
SQL: SHOW COLUMNS FROM `access` [ RunTime:0.0700s ]
SQL: SHOW COLUMNS FROM `access` [ RunTime:0.0790s ]
SQL: SELECT a.*,m.id as m_id,m.`name`,m.modular,m.controller,m.method FROM access a LEFT JOIN menu m ON m.id = a.menu_id  WHERE ( user_id = 5 and `search`=1 )  [ RunTime:0.0810s ]
SQL: SHOW COLUMNS FROM `department` [ RunTime:0.0680s ]
SQL: SHOW COLUMNS FROM `department` [ RunTime:0.0790s ]
SQL: SELECT COUNT(*) AS tp_count FROM `department` LIMIT 1   [ RunTime:0.0790s ]
SQL: SHOW COLUMNS FROM `department` [ RunTime:0.0680s ]
SQL: SELECT * FROM `department` WHERE ( 1=1 ) ORDER BY department_id desc LIMIT 0,10   [ RunTime:0.0560s ]
INFO: [ view_parse ] --START--
INFO: [ template_filter ] --START--
INFO: Run Behavior\ContentReplaceBehavior [ RunTime:0.000000s ]
INFO: [ template_filter ] --END-- [ RunTime:0.000000s ]
INFO: Run Behavior\ParseTemplateBehavior [ RunTime:0.015001s ]
INFO: [ view_parse ] --END-- [ RunTime:0.015001s ]
INFO: [ view_filter ] --START--
INFO: Run Behavior\WriteHtmlCacheBehavior [ RunTime:0.001000s ]
INFO: [ view_filter ] --END-- [ RunTime:0.001000s ]
INFO: [ view_parse ] --START--
INFO: [ template_filter ] --START--
INFO: Run Behavior\ContentReplaceBehavior [ RunTime:0.000000s ]
INFO: [ template_filter ] --END-- [ RunTime:-0.008001s ]
NOTIC: [8] Undefined index: id D:\PhpStudy\web\thinkphp\Application\Runtime\Cache\Admin\f2baec771aba0772b0875523439f11eb.php 第 66 行.
NOTIC: [8] Undefined index: id D:\PhpStudy\web\thinkphp\Application\Runtime\Cache\Admin\f2baec771aba0772b0875523439f11eb.php 第 66 行.
NOTIC: [8] Undefined index: id D:\PhpStudy\web\thinkphp\Application\Runtime\Cache\Admin\f2baec771aba0772b0875523439f11eb.php 第 66 行.
NOTIC: [8] Undefined index: id D:\PhpStudy\web\thinkphp\Application\Runtime\Cache\Admin\f2baec771aba0772b0875523439f11eb.php 第 66 行.
INFO: Run Behavior\ParseTemplateBehavior [ RunTime:0.008001s ]
INFO: [ view_parse ] --END-- [ RunTime:-0.002000s ]
INFO: [ view_filter ] --START--
INFO: Run Behavior\WriteHtmlCacheBehavior [ RunTime:0.000000s ]
INFO: [ view_filter ] --END-- [ RunTime:-0.009001s ]
NOTIC: [2] Cannot modify header information - headers already sent by (output started at D:\PhpStudy\web\thinkphp\ThinkPHP\Library\Think\View.class.php:95) D:\PhpStudy\web\thinkphp\ThinkPHP\Library\Think\View.class.php 第 91 行.
NOTIC: [2] Cannot modify header information - headers already sent by (output started at D:\PhpStudy\web\thinkphp\ThinkPHP\Library\Think\View.class.php:95) D:\PhpStudy\web\thinkphp\ThinkPHP\Library\Think\View.class.php 第 92 行.
NOTIC: [2] Cannot modify header information - headers already sent by (output started at D:\PhpStudy\web\thinkphp\ThinkPHP\Library\Think\View.class.php:95) D:\PhpStudy\web\thinkphp\ThinkPHP\Library\Think\View.class.php 第 93 行.
INFO: [ app_end ] --START--
INFO: Run Behavior\ShowPageTraceBehavior [ RunTime:0.002000s ]
INFO: [ app_end ] --END-- [ RunTime:0.002000s ]

[ 2017-11-17T14:08:22+08:00 ] 127.0.0.1 /Admin/Role/index
INFO: [ app_init ] --START--
INFO: Run Behavior\BuildLiteBehavior [ RunTime:0.000000s ]
INFO: [ app_init ] --END-- [ RunTime:0.000000s ]
INFO: [ app_begin ] --START--
INFO: Run Behavior\ReadHtmlCacheBehavior [ RunTime:0.000000s ]
INFO: [ app_begin ] --END-- [ RunTime:0.000000s ]
SQL: SHOW COLUMNS FROM `access` [ RunTime:0.0550s ]
SQL: SHOW COLUMNS FROM `access` [ RunTime:0.0560s ]
SQL: SELECT a.*,m.id as m_id,m.`name`,m.modular,m.controller,m.method FROM access a LEFT JOIN menu m ON m.id = a.menu_id  WHERE ( user_id = 5 and `search`=1 )  [ RunTime:0.0570s ]
SQL: SHOW COLUMNS FROM `role` [ RunTime:0.0560s ]
SQL: SHOW COLUMNS FROM `role` [ RunTime:0.0550s ]
SQL: SELECT COUNT(*) AS tp_count FROM `role` LIMIT 1   [ RunTime:0.0540s ]
SQL: SHOW COLUMNS FROM `role` [ RunTime:0.0560s ]
SQL: SELECT * FROM `role` WHERE ( 1=1 ) ORDER BY id desc LIMIT 0,10   [ RunTime:0.0550s ]
INFO: [ view_parse ] --START--
INFO: [ template_filter ] --START--
INFO: Run Behavior\ContentReplaceBehavior [ RunTime:0.000000s ]
INFO: [ template_filter ] --END-- [ RunTime:0.000000s ]
INFO: Run Behavior\ParseTemplateBehavior [ RunTime:0.011000s ]
INFO: [ view_parse ] --END-- [ RunTime:0.011000s ]
INFO: [ view_filter ] --START--
INFO: Run Behavior\WriteHtmlCacheBehavior [ RunTime:0.001000s ]
INFO: [ view_filter ] --END-- [ RunTime:0.001000s ]
INFO: [ view_parse ] --START--
INFO: [ template_filter ] --START--
INFO: Run Behavior\ContentReplaceBehavior [ RunTime:0.001000s ]
INFO: [ template_filter ] --END-- [ RunTime:-0.006001s ]
INFO: Run Behavior\ParseTemplateBehavior [ RunTime:0.007001s ]
INFO: [ view_parse ] --END-- [ RunTime:-0.001000s ]
INFO: [ view_filter ] --START--
INFO: Run Behavior\WriteHtmlCacheBehavior [ RunTime:0.000000s ]
INFO: [ view_filter ] --END-- [ RunTime:-0.007001s ]
NOTIC: [2] Cannot modify header information - headers already sent by (output started at D:\PhpStudy\web\thinkphp\ThinkPHP\Library\Think\View.class.php:95) D:\PhpStudy\web\thinkphp\ThinkPHP\Library\Think\View.class.php 第 91 行.
NOTIC: [2] Cannot modify header information - headers already sent by (output started at D:\PhpStudy\web\thinkphp\ThinkPHP\Library\Think\View.class.php:95) D:\PhpStudy\web\thinkphp\ThinkPHP\Library\Think\View.class.php 第 92 行.
NOTIC: [2] Cannot modify header information - headers already sent by (output started at D:\PhpStudy\web\thinkphp\ThinkPHP\Library\Think\View.class.php:95) D:\PhpStudy\web\thinkphp\ThinkPHP\Library\Think\View.class.php 第 93 行.
INFO: [ app_end ] --START--
INFO: Run Behavior\ShowPageTraceBehavior [ RunTime:0.001000s ]
INFO: [ app_end ] --END-- [ RunTime:0.001000s ]

[ 2017-11-17T14:08:31+08:00 ] 127.0.0.1 /Admin/Role/index
INFO: [ app_init ] --START--
INFO: Run Behavior\BuildLiteBehavior [ RunTime:0.000000s ]
INFO: [ app_init ] --END-- [ RunTime:0.000000s ]
INFO: [ app_begin ] --START--
INFO: Run Behavior\ReadHtmlCacheBehavior [ RunTime:0.001000s ]
INFO: [ app_begin ] --END-- [ RunTime:0.001000s ]
SQL: SHOW COLUMNS FROM `access` [ RunTime:0.0560s ]
SQL: SHOW COLUMNS FROM `access` [ RunTime:0.0570s ]
SQL: SELECT a.*,m.id as m_id,m.`name`,m.modular,m.controller,m.method FROM access a LEFT JOIN menu m ON m.id = a.menu_id  WHERE ( user_id = 5 and `search`=1 )  [ RunTime:0.0550s ]
SQL: SHOW COLUMNS FROM `role` [ RunTime:0.0560s ]
SQL: SHOW COLUMNS FROM `role` [ RunTime:0.0560s ]
SQL: SELECT COUNT(*) AS tp_count FROM `role` LIMIT 1   [ RunTime:0.0560s ]
SQL: SHOW COLUMNS FROM `role` [ RunTime:0.0560s ]
SQL: SELECT * FROM `role` WHERE ( 1=1 ) ORDER BY id desc LIMIT 0,10   [ RunTime:0.0550s ]
INFO: [ view_parse ] --START--
INFO: [ template_filter ] --START--
INFO: Run Behavior\ContentReplaceBehavior [ RunTime:0.000000s ]
INFO: [ template_filter ] --END-- [ RunTime:0.000000s ]
INFO: Run Behavior\ParseTemplateBehavior [ RunTime:0.010001s ]
INFO: [ view_parse ] --END-- [ RunTime:0.010001s ]
INFO: [ view_filter ] --START--
INFO: Run Behavior\WriteHtmlCacheBehavior [ RunTime:0.000000s ]
INFO: [ view_filter ] --END-- [ RunTime:0.000000s ]
INFO: [ view_parse ] --START--
INFO: [ template_filter ] --START--
INFO: Run Behavior\ContentReplaceBehavior [ RunTime:0.000000s ]
INFO: [ template_filter ] --END-- [ RunTime:-0.005000s ]
INFO: Run Behavior\ParseTemplateBehavior [ RunTime:0.005000s ]
INFO: [ view_parse ] --END-- [ RunTime:-0.001000s ]
INFO: [ view_filter ] --START--
INFO: Run Behavior\WriteHtmlCacheBehavior [ RunTime:0.000000s ]
INFO: [ view_filter ] --END-- [ RunTime:-0.006000s ]
NOTIC: [2] Cannot modify header information - headers already sent by (output started at D:\PhpStudy\web\thinkphp\ThinkPHP\Library\Think\View.class.php:95) D:\PhpStudy\web\thinkphp\ThinkPHP\Library\Think\View.class.php 第 91 行.
NOTIC: [2] Cannot modify header information - headers already sent by (output started at D:\PhpStudy\web\thinkphp\ThinkPHP\Library\Think\View.class.php:95) D:\PhpStudy\web\thinkphp\ThinkPHP\Library\Think\View.class.php 第 92 行.
NOTIC: [2] Cannot modify header information - headers already sent by (output started at D:\PhpStudy\web\thinkphp\ThinkPHP\Library\Think\View.class.php:95) D:\PhpStudy\web\thinkphp\ThinkPHP\Library\Think\View.class.php 第 93 行.
INFO: [ app_end ] --START--
INFO: Run Behavior\ShowPageTraceBehavior [ RunTime:0.001000s ]
INFO: [ app_end ] --END-- [ RunTime:0.001000s ]

[ 2017-11-17T14:08:32+08:00 ] 127.0.0.1 /Admin/Role/checkAccess
INFO: [ app_init ] --START--
INFO: Run Behavior\BuildLiteBehavior [ RunTime:0.000000s ]
INFO: [ app_init ] --END-- [ RunTime:0.001000s ]
INFO: [ app_begin ] --START--
INFO: Run Behavior\ReadHtmlCacheBehavior [ RunTime:0.001000s ]
INFO: [ app_begin ] --END-- [ RunTime:0.001000s ]
SQL: SHOW COLUMNS FROM `access` [ RunTime:0.0570s ]
SQL: SHOW COLUMNS FROM `access` [ RunTime:0.0560s ]
SQL: SELECT a.*,m.id as m_id,m.`name`,m.modular,m.controller,m.method FROM access a LEFT JOIN menu m ON m.id = a.menu_id  WHERE ( user_id = 5 and `search`=1 )  [ RunTime:0.0560s ]

[ 2017-11-17T14:09:25+08:00 ] 127.0.0.1 /Admin/Role/index
INFO: [ app_init ] --START--
INFO: Run Behavior\BuildLiteBehavior [ RunTime:0.001000s ]
INFO: [ app_init ] --END-- [ RunTime:0.001000s ]
INFO: [ app_begin ] --START--
INFO: Run Behavior\ReadHtmlCacheBehavior [ RunTime:0.001000s ]
INFO: [ app_begin ] --END-- [ RunTime:0.001000s ]
SQL: SHOW COLUMNS FROM `access` [ RunTime:0.0510s ]
SQL: SHOW COLUMNS FROM `access` [ RunTime:0.0490s ]
SQL: SELECT a.*,m.id as m_id,m.`name`,m.modular,m.controller,m.method FROM access a LEFT JOIN menu m ON m.id = a.menu_id  WHERE ( user_id = 5 and `search`=1 )  [ RunTime:0.0500s ]
SQL: SHOW COLUMNS FROM `role` [ RunTime:0.0500s ]
SQL: SHOW COLUMNS FROM `role` [ RunTime:0.0490s ]
SQL: SELECT COUNT(*) AS tp_count FROM `role` LIMIT 1   [ RunTime:0.0550s ]
SQL: SHOW COLUMNS FROM `role` [ RunTime:0.0490s ]
SQL: SELECT * FROM `role` WHERE ( 1=1 ) ORDER BY id desc LIMIT 0,10   [ RunTime:0.0510s ]
INFO: [ view_parse ] --START--
INFO: [ template_filter ] --START--
INFO: Run Behavior\ContentReplaceBehavior [ RunTime:0.000000s ]
INFO: [ template_filter ] --END-- [ RunTime:0.000000s ]
INFO: Run Behavior\ParseTemplateBehavior [ RunTime:0.016001s ]
INFO: [ view_parse ] --END-- [ RunTime:0.016001s ]
INFO: [ view_filter ] --START--
INFO: Run Behavior\WriteHtmlCacheBehavior [ RunTime:0.001000s ]
INFO: [ view_filter ] --END-- [ RunTime:0.001000s ]
INFO: [ view_parse ] --START--
INFO: [ template_filter ] --START--
INFO: Run Behavior\ContentReplaceBehavior [ RunTime:0.000000s ]
INFO: [ template_filter ] --END-- [ RunTime:-0.008000s ]
INFO: Run Behavior\ParseTemplateBehavior [ RunTime:0.007000s ]
INFO: [ view_parse ] --END-- [ RunTime:-0.002000s ]
INFO: [ view_filter ] --START--
INFO: Run Behavior\WriteHtmlCacheBehavior [ RunTime:0.000000s ]
INFO: [ view_filter ] --END-- [ RunTime:-0.009000s ]
NOTIC: [2] Cannot modify header information - headers already sent by (output started at D:\PhpStudy\web\thinkphp\ThinkPHP\Library\Think\View.class.php:95) D:\PhpStudy\web\thinkphp\ThinkPHP\Library\Think\View.class.php 第 91 行.
NOTIC: [2] Cannot modify header information - headers already sent by (output started at D:\PhpStudy\web\thinkphp\ThinkPHP\Library\Think\View.class.php:95) D:\PhpStudy\web\thinkphp\ThinkPHP\Library\Think\View.class.php 第 92 行.
NOTIC: [2] Cannot modify header information - headers already sent by (output started at D:\PhpStudy\web\thinkphp\ThinkPHP\Library\Think\View.class.php:95) D:\PhpStudy\web\thinkphp\ThinkPHP\Library\Think\View.class.php 第 93 行.
INFO: [ app_end ] --START--
INFO: Run Behavior\ShowPageTraceBehavior [ RunTime:0.002001s ]
INFO: [ app_end ] --END-- [ RunTime:0.002001s ]

[ 2017-11-17T14:09:28+08:00 ] 127.0.0.1 /Admin/Role/checkAccess
INFO: [ app_init ] --START--
INFO: Run Behavior\BuildLiteBehavior [ RunTime:0.000000s ]
INFO: [ app_init ] --END-- [ RunTime:0.000000s ]
INFO: [ app_begin ] --START--
INFO: Run Behavior\ReadHtmlCacheBehavior [ RunTime:0.001000s ]
INFO: [ app_begin ] --END-- [ RunTime:0.001000s ]
SQL: SHOW COLUMNS FROM `access` [ RunTime:0.0580s ]
SQL: SHOW COLUMNS FROM `access` [ RunTime:0.0580s ]
SQL: SELECT a.*,m.id as m_id,m.`name`,m.modular,m.controller,m.method FROM access a LEFT JOIN menu m ON m.id = a.menu_id  WHERE ( user_id = 5 and `search`=1 )  [ RunTime:0.0570s ]

[ 2017-11-17T14:09:31+08:00 ] 127.0.0.1 /Admin/Role/checkAccess
INFO: [ app_init ] --START--
INFO: Run Behavior\BuildLiteBehavior [ RunTime:0.000000s ]
INFO: [ app_init ] --END-- [ RunTime:0.000000s ]
INFO: [ app_begin ] --START--
INFO: Run Behavior\ReadHtmlCacheBehavior [ RunTime:0.001000s ]
INFO: [ app_begin ] --END-- [ RunTime:0.001000s ]
SQL: SHOW COLUMNS FROM `access` [ RunTime:0.0540s ]
SQL: SHOW COLUMNS FROM `access` [ RunTime:0.0540s ]
SQL: SELECT a.*,m.id as m_id,m.`name`,m.modular,m.controller,m.method FROM access a LEFT JOIN menu m ON m.id = a.menu_id  WHERE ( user_id = 5 and `search`=1 )  [ RunTime:0.0550s ]

[ 2017-11-17T14:10:18+08:00 ] 127.0.0.1 /Admin/Role/checkAccess
INFO: [ app_init ] --START--
INFO: Run Behavior\BuildLiteBehavior [ RunTime:0.000000s ]
INFO: [ app_init ] --END-- [ RunTime:0.001000s ]
INFO: [ app_begin ] --START--
INFO: Run Behavior\ReadHtmlCacheBehavior [ RunTime:0.001000s ]
INFO: [ app_begin ] --END-- [ RunTime:0.001000s ]
SQL: SHOW COLUMNS FROM `access` [ RunTime:0.0570s ]
SQL: SHOW COLUMNS FROM `access` [ RunTime:0.0580s ]
SQL: SELECT a.*,m.id as m_id,m.`name`,m.modular,m.controller,m.method FROM access a LEFT JOIN menu m ON m.id = a.menu_id  WHERE ( user_id = 5 and `search`=1 )  [ RunTime:0.0560s ]

[ 2017-11-17T14:10:25+08:00 ] 127.0.0.1 /Admin/Role/checkAccess
INFO: [ app_init ] --START--
INFO: Run Behavior\BuildLiteBehavior [ RunTime:0.001000s ]
INFO: [ app_init ] --END-- [ RunTime:0.001000s ]
INFO: [ app_begin ] --START--
INFO: Run Behavior\ReadHtmlCacheBehavior [ RunTime:0.001001s ]
INFO: [ app_begin ] --END-- [ RunTime:0.001001s ]
SQL: SHOW COLUMNS FROM `access` [ RunTime:0.0500s ]
SQL: SHOW COLUMNS FROM `access` [ RunTime:0.0490s ]
SQL: SELECT a.*,m.id as m_id,m.`name`,m.modular,m.controller,m.method FROM access a LEFT JOIN menu m ON m.id = a.menu_id  WHERE ( user_id = 5 and `search`=1 )  [ RunTime:0.0490s ]

[ 2017-11-17T14:11:08+08:00 ] 127.0.0.1 /Admin/Role/checkAccess
INFO: [ app_init ] --START--
INFO: Run Behavior\BuildLiteBehavior [ RunTime:0.000000s ]
INFO: [ app_init ] --END-- [ RunTime:0.001000s ]
INFO: [ app_begin ] --START--
INFO: Run Behavior\ReadHtmlCacheBehavior [ RunTime:0.001000s ]
INFO: [ app_begin ] --END-- [ RunTime:0.001000s ]
SQL: SHOW COLUMNS FROM `access` [ RunTime:0.0560s ]
SQL: SHOW COLUMNS FROM `access` [ RunTime:0.0560s ]
SQL: SELECT a.*,m.id as m_id,m.`name`,m.modular,m.controller,m.method FROM access a LEFT JOIN menu m ON m.id = a.menu_id  WHERE ( user_id = 5 and `search`=1 )  [ RunTime:0.0550s ]

[ 2017-11-17T14:11:11+08:00 ] 127.0.0.1 /Admin/Role/checkAccess
INFO: [ app_init ] --START--
INFO: Run Behavior\BuildLiteBehavior [ RunTime:0.000000s ]
INFO: [ app_init ] --END-- [ RunTime:0.000000s ]
INFO: [ app_begin ] --START--
INFO: Run Behavior\ReadHtmlCacheBehavior [ RunTime:0.001000s ]
INFO: [ app_begin ] --END-- [ RunTime:0.001000s ]
SQL: SHOW COLUMNS FROM `access` [ RunTime:0.0670s ]
SQL: SHOW COLUMNS FROM `access` [ RunTime:0.0620s ]
SQL: SELECT a.*,m.id as m_id,m.`name`,m.modular,m.controller,m.method FROM access a LEFT JOIN menu m ON m.id = a.menu_id  WHERE ( user_id = 5 and `search`=1 )  [ RunTime:0.0640s ]

[ 2017-11-17T14:11:14+08:00 ] 127.0.0.1 /Admin/Department/index
INFO: [ app_init ] --START--
INFO: Run Behavior\BuildLiteBehavior [ RunTime:0.000000s ]
INFO: [ app_init ] --END-- [ RunTime:0.001000s ]
INFO: [ app_begin ] --START--
INFO: Run Behavior\ReadHtmlCacheBehavior [ RunTime:0.000000s ]
INFO: [ app_begin ] --END-- [ RunTime:0.001000s ]
SQL: SHOW COLUMNS FROM `access` [ RunTime:0.0610s ]
SQL: SHOW COLUMNS FROM `access` [ RunTime:0.0540s ]
SQL: SELECT a.*,m.id as m_id,m.`name`,m.modular,m.controller,m.method FROM access a LEFT JOIN menu m ON m.id = a.menu_id  WHERE ( user_id = 5 and `search`=1 )  [ RunTime:0.0530s ]
SQL: SHOW COLUMNS FROM `department` [ RunTime:0.0580s ]
SQL: SHOW COLUMNS FROM `department` [ RunTime:0.0550s ]
SQL: SELECT COUNT(*) AS tp_count FROM `department` LIMIT 1   [ RunTime:0.0530s ]
SQL: SHOW COLUMNS FROM `department` [ RunTime:0.0550s ]
SQL: SELECT * FROM `department` WHERE ( 1=1 ) ORDER BY department_id desc LIMIT 0,10   [ RunTime:0.0710s ]
INFO: [ view_parse ] --START--
INFO: [ template_filter ] --START--
INFO: Run Behavior\ContentReplaceBehavior [ RunTime:0.000000s ]
INFO: [ template_filter ] --END-- [ RunTime:0.000000s ]
INFO: Run Behavior\ParseTemplateBehavior [ RunTime:0.006001s ]
INFO: [ view_parse ] --END-- [ RunTime:0.006001s ]
INFO: [ view_filter ] --START--
INFO: Run Behavior\WriteHtmlCacheBehavior [ RunTime:0.001000s ]
INFO: [ view_filter ] --END-- [ RunTime:0.001000s ]
INFO: [ view_parse ] --START--
INFO: [ template_filter ] --START--
INFO: Run Behavior\ContentReplaceBehavior [ RunTime:0.000000s ]
INFO: [ template_filter ] --END-- [ RunTime:-0.004000s ]
NOTIC: [8] Undefined index: id D:\PhpStudy\web\thinkphp\Application\Runtime\Cache\Admin\f2baec771aba0772b0875523439f11eb.php 第 66 行.
NOTIC: [8] Undefined index: id D:\PhpStudy\web\thinkphp\Application\Runtime\Cache\Admin\f2baec771aba0772b0875523439f11eb.php 第 66 行.
NOTIC: [8] Undefined index: id D:\PhpStudy\web\thinkphp\Application\Runtime\Cache\Admin\f2baec771aba0772b0875523439f11eb.php 第 66 行.
NOTIC: [8] Undefined index: id D:\PhpStudy\web\thinkphp\Application\Runtime\Cache\Admin\f2baec771aba0772b0875523439f11eb.php 第 66 行.
INFO: Run Behavior\ParseTemplateBehavior [ RunTime:0.003000s ]
INFO: [ view_parse ] --END-- [ RunTime:-0.001000s ]
INFO: [ view_filter ] --START--
INFO: Run Behavior\WriteHtmlCacheBehavior [ RunTime:0.000000s ]
INFO: [ view_filter ] --END-- [ RunTime:-0.003000s ]
NOTIC: [2] Cannot modify header information - headers already sent by (output started at D:\PhpStudy\web\thinkphp\ThinkPHP\Library\Think\View.class.php:95) D:\PhpStudy\web\thinkphp\ThinkPHP\Library\Think\View.class.php 第 91 行.
NOTIC: [2] Cannot modify header information - headers already sent by (output started at D:\PhpStudy\web\thinkphp\ThinkPHP\Library\Think\View.class.php:95) D:\PhpStudy\web\thinkphp\ThinkPHP\Library\Think\View.class.php 第 92 行.
NOTIC: [2] Cannot modify header information - headers already sent by (output started at D:\PhpStudy\web\thinkphp\ThinkPHP\Library\Think\View.class.php:95) D:\PhpStudy\web\thinkphp\ThinkPHP\Library\Think\View.class.php 第 93 行.
INFO: [ app_end ] --START--
INFO: Run Behavior\ShowPageTraceBehavior [ RunTime:0.001000s ]
INFO: [ app_end ] --END-- [ RunTime:0.001000s ]

[ 2017-11-17T14:11:16+08:00 ] 127.0.0.1 /Admin/Department/checkAccess
INFO: [ app_init ] --START--
INFO: Run Behavior\BuildLiteBehavior [ RunTime:0.000000s ]
INFO: [ app_init ] --END-- [ RunTime:0.000000s ]
INFO: [ app_begin ] --START--
INFO: Run Behavior\ReadHtmlCacheBehavior [ RunTime:0.001000s ]
INFO: [ app_begin ] --END-- [ RunTime:0.001000s ]
SQL: SHOW COLUMNS FROM `access` [ RunTime:0.0530s ]
SQL: SHOW COLUMNS FROM `access` [ RunTime:0.0520s ]
SQL: SELECT a.*,m.id as m_id,m.`name`,m.modular,m.controller,m.method FROM access a LEFT JOIN menu m ON m.id = a.menu_id  WHERE ( user_id = 5 and `search`=1 )  [ RunTime:0.0570s ]

[ 2017-11-17T14:11:16+08:00 ] 127.0.0.1 /Admin/Department/showadd
INFO: [ app_init ] --START--
INFO: Run Behavior\BuildLiteBehavior [ RunTime:0.000000s ]
INFO: [ app_init ] --END-- [ RunTime:0.001000s ]
INFO: [ app_begin ] --START--
INFO: Run Behavior\ReadHtmlCacheBehavior [ RunTime:0.000000s ]
INFO: [ app_begin ] --END-- [ RunTime:0.001000s ]
SQL: SHOW COLUMNS FROM `access` [ RunTime:0.0650s ]
SQL: SHOW COLUMNS FROM `access` [ RunTime:0.0700s ]
SQL: SELECT a.*,m.id as m_id,m.`name`,m.modular,m.controller,m.method FROM access a LEFT JOIN menu m ON m.id = a.menu_id  WHERE ( user_id = 5 and `search`=1 )  [ RunTime:0.0690s ]
SQL: SHOW COLUMNS FROM `department` [ RunTime:0.0660s ]
SQL: SHOW COLUMNS FROM `department` [ RunTime:0.0580s ]
SQL: SELECT * FROM `department`  [ RunTime:0.0550s ]
INFO: [ view_parse ] --START--
INFO: [ template_filter ] --START--
INFO: Run Behavior\ContentReplaceBehavior [ RunTime:0.000000s ]
INFO: [ template_filter ] --END-- [ RunTime:0.000000s ]
INFO: Run Behavior\ParseTemplateBehavior [ RunTime:0.011001s ]
INFO: [ view_parse ] --END-- [ RunTime:0.011001s ]
INFO: [ view_filter ] --START--
INFO: Run Behavior\WriteHtmlCacheBehavior [ RunTime:0.000000s ]
INFO: [ view_filter ] --END-- [ RunTime:0.000000s ]
INFO: [ view_parse ] --START--
INFO: [ template_filter ] --START--
INFO: Run Behavior\ContentReplaceBehavior [ RunTime:0.000000s ]
INFO: [ template_filter ] --END-- [ RunTime:-0.012000s ]
INFO: Run Behavior\ParseTemplateBehavior [ RunTime:0.013001s ]
INFO: [ view_parse ] --END-- [ RunTime:-0.001000s ]
INFO: [ view_filter ] --START--
INFO: Run Behavior\WriteHtmlCacheBehavior [ RunTime:0.000000s ]
INFO: [ view_filter ] --END-- [ RunTime:-0.014001s ]
NOTIC: [2] Cannot modify header information - headers already sent by (output started at D:\PhpStudy\web\thinkphp\ThinkPHP\Library\Think\View.class.php:95) D:\PhpStudy\web\thinkphp\ThinkPHP\Library\Think\View.class.php 第 91 行.
NOTIC: [2] Cannot modify header information - headers already sent by (output started at D:\PhpStudy\web\thinkphp\ThinkPHP\Library\Think\View.class.php:95) D:\PhpStudy\web\thinkphp\ThinkPHP\Library\Think\View.class.php 第 92 行.
NOTIC: [2] Cannot modify header information - headers already sent by (output started at D:\PhpStudy\web\thinkphp\ThinkPHP\Library\Think\View.class.php:95) D:\PhpStudy\web\thinkphp\ThinkPHP\Library\Think\View.class.php 第 93 行.
INFO: [ app_end ] --START--
INFO: Run Behavior\ShowPageTraceBehavior [ RunTime:0.001000s ]
INFO: [ app_end ] --END-- [ RunTime:0.001000s ]

[ 2017-11-17T14:11:18+08:00 ] 127.0.0.1 /Admin/Department/index
INFO: [ app_init ] --START--
INFO: Run Behavior\BuildLiteBehavior [ RunTime:0.000000s ]
INFO: [ app_init ] --END-- [ RunTime:0.000000s ]
INFO: [ app_begin ] --START--
INFO: Run Behavior\ReadHtmlCacheBehavior [ RunTime:0.000000s ]
INFO: [ app_begin ] --END-- [ RunTime:0.001000s ]
SQL: SHOW COLUMNS FROM `access` [ RunTime:0.0580s ]
SQL: SHOW COLUMNS FROM `access` [ RunTime:0.0610s ]
SQL: SELECT a.*,m.id as m_id,m.`name`,m.modular,m.controller,m.method FROM access a LEFT JOIN menu m ON m.id = a.menu_id  WHERE ( user_id = 5 and `search`=1 )  [ RunTime:0.0590s ]
SQL: SHOW COLUMNS FROM `department` [ RunTime:0.0580s ]
SQL: SHOW COLUMNS FROM `department` [ RunTime:0.0580s ]
SQL: SELECT COUNT(*) AS tp_count FROM `department` LIMIT 1   [ RunTime:0.0580s ]
SQL: SHOW COLUMNS FROM `department` [ RunTime:0.0590s ]
SQL: SELECT * FROM `department` WHERE ( 1=1 ) ORDER BY department_id desc LIMIT 0,10   [ RunTime:0.0570s ]
INFO: [ view_parse ] --START--
INFO: [ template_filter ] --START--
INFO: Run Behavior\ContentReplaceBehavior [ RunTime:0.000000s ]
INFO: [ template_filter ] --END-- [ RunTime:0.000000s ]
INFO: Run Behavior\ParseTemplateBehavior [ RunTime:0.017001s ]
INFO: [ view_parse ] --END-- [ RunTime:0.017001s ]
INFO: [ view_filter ] --START--
INFO: Run Behavior\WriteHtmlCacheBehavior [ RunTime:0.001000s ]
INFO: [ view_filter ] --END-- [ RunTime:0.001000s ]
INFO: [ view_parse ] --START--
INFO: [ template_filter ] --START--
INFO: Run Behavior\ContentReplaceBehavior [ RunTime:0.001001s ]
INFO: [ template_filter ] --END-- [ RunTime:-0.008000s ]
NOTIC: [8] Undefined index: id D:\PhpStudy\web\thinkphp\Application\Runtime\Cache\Admin\f2baec771aba0772b0875523439f11eb.php 第 66 行.
NOTIC: [8] Undefined index: id D:\PhpStudy\web\thinkphp\Application\Runtime\Cache\Admin\f2baec771aba0772b0875523439f11eb.php 第 66 行.
NOTIC: [8] Undefined index: id D:\PhpStudy\web\thinkphp\Application\Runtime\Cache\Admin\f2baec771aba0772b0875523439f11eb.php 第 66 行.
NOTIC: [8] Undefined index: id D:\PhpStudy\web\thinkphp\Application\Runtime\Cache\Admin\f2baec771aba0772b0875523439f11eb.php 第 66 行.
INFO: Run Behavior\ParseTemplateBehavior [ RunTime:0.006001s ]
INFO: [ view_parse ] --END-- [ RunTime:-0.001000s ]
INFO: [ view_filter ] --START--
INFO: Run Behavior\WriteHtmlCacheBehavior [ RunTime:0.000000s ]
INFO: [ view_filter ] --END-- [ RunTime:-0.006001s ]
NOTIC: [2] Cannot modify header information - headers already sent by (output started at D:\PhpStudy\web\thinkphp\ThinkPHP\Library\Think\View.class.php:95) D:\PhpStudy\web\thinkphp\ThinkPHP\Library\Think\View.class.php 第 91 行.
NOTIC: [2] Cannot modify header information - headers already sent by (output started at D:\PhpStudy\web\thinkphp\ThinkPHP\Library\Think\View.class.php:95) D:\PhpStudy\web\thinkphp\ThinkPHP\Library\Think\View.class.php 第 92 行.
NOTIC: [2] Cannot modify header information - headers already sent by (output started at D:\PhpStudy\web\thinkphp\ThinkPHP\Library\Think\View.class.php:95) D:\PhpStudy\web\thinkphp\ThinkPHP\Library\Think\View.class.php 第 93 行.
INFO: [ app_end ] --START--
INFO: Run Behavior\ShowPageTraceBehavior [ RunTime:0.001000s ]
INFO: [ app_end ] --END-- [ RunTime:0.001000s ]

[ 2017-11-17T14:11:20+08:00 ] 127.0.0.1 /Admin/Department/checkAccess
INFO: [ app_init ] --START--
INFO: Run Behavior\BuildLiteBehavior [ RunTime:0.001000s ]
INFO: [ app_init ] --END-- [ RunTime:0.001000s ]
INFO: [ app_begin ] --START--
INFO: Run Behavior\ReadHtmlCacheBehavior [ RunTime:0.001000s ]
INFO: [ app_begin ] --END-- [ RunTime:0.001000s ]
SQL: SHOW COLUMNS FROM `access` [ RunTime:0.0550s ]
SQL: SHOW COLUMNS FROM `access` [ RunTime:0.0510s ]
SQL: SELECT a.*,m.id as m_id,m.`name`,m.modular,m.controller,m.method FROM access a LEFT JOIN menu m ON m.id = a.menu_id  WHERE ( user_id = 5 and `search`=1 )  [ RunTime:0.0530s ]

[ 2017-11-17T14:11:26+08:00 ] 127.0.0.1 /Admin/Department/checkAccess
INFO: [ app_init ] --START--
INFO: Run Behavior\BuildLiteBehavior [ RunTime:0.000000s ]
INFO: [ app_init ] --END-- [ RunTime:0.001000s ]
INFO: [ app_begin ] --START--
INFO: Run Behavior\ReadHtmlCacheBehavior [ RunTime:0.000000s ]
INFO: [ app_begin ] --END-- [ RunTime:0.000000s ]
SQL: SHOW COLUMNS FROM `access` [ RunTime:0.0570s ]
SQL: SHOW COLUMNS FROM `access` [ RunTime:0.0570s ]
SQL: SELECT a.*,m.id as m_id,m.`name`,m.modular,m.controller,m.method FROM access a LEFT JOIN menu m ON m.id = a.menu_id  WHERE ( user_id = 5 and `search`=1 )  [ RunTime:0.0560s ]

[ 2017-11-17T14:14:17+08:00 ] 127.0.0.1 /Admin/Department/checkAccess
INFO: [ app_init ] --START--
INFO: Run Behavior\BuildLiteBehavior [ RunTime:0.000000s ]
INFO: [ app_init ] --END-- [ RunTime:0.001000s ]
INFO: [ app_begin ] --START--
INFO: Run Behavior\ReadHtmlCacheBehavior [ RunTime:0.002000s ]
INFO: [ app_begin ] --END-- [ RunTime:0.002000s ]
SQL: SHOW COLUMNS FROM `access` [ RunTime:0.0860s ]
SQL: SHOW COLUMNS FROM `access` [ RunTime:0.0580s ]
SQL: SELECT a.*,m.id as m_id,m.`name`,m.modular,m.controller,m.method FROM access a LEFT JOIN menu m ON m.id = a.menu_id  WHERE ( user_id = 5 and `search`=1 )  [ RunTime:0.0570s ]

[ 2017-11-17T14:14:20+08:00 ] 127.0.0.1 /Admin/Department/checkAccess
INFO: [ app_init ] --START--
INFO: Run Behavior\BuildLiteBehavior [ RunTime:0.000000s ]
INFO: [ app_init ] --END-- [ RunTime:0.001000s ]
INFO: [ app_begin ] --START--
INFO: Run Behavior\ReadHtmlCacheBehavior [ RunTime:0.001000s ]
INFO: [ app_begin ] --END-- [ RunTime:0.001000s ]
SQL: SHOW COLUMNS FROM `access` [ RunTime:0.0500s ]
SQL: SHOW COLUMNS FROM `access` [ RunTime:0.0490s ]
SQL: SELECT a.*,m.id as m_id,m.`name`,m.modular,m.controller,m.method FROM access a LEFT JOIN menu m ON m.id = a.menu_id  WHERE ( user_id = 5 and `search`=1 )  [ RunTime:0.0500s ]

[ 2017-11-17T14:14:23+08:00 ] 127.0.0.1 /Admin/Department/checkAccess
INFO: [ app_init ] --START--
INFO: Run Behavior\BuildLiteBehavior [ RunTime:0.000000s ]
INFO: [ app_init ] --END-- [ RunTime:0.001000s ]
INFO: [ app_begin ] --START--
INFO: Run Behavior\ReadHtmlCacheBehavior [ RunTime:0.001000s ]
INFO: [ app_begin ] --END-- [ RunTime:0.001000s ]
SQL: SHOW COLUMNS FROM `access` [ RunTime:0.0580s ]
SQL: SHOW COLUMNS FROM `access` [ RunTime:0.0580s ]
SQL: SELECT a.*,m.id as m_id,m.`name`,m.modular,m.controller,m.method FROM access a LEFT JOIN menu m ON m.id = a.menu_id  WHERE ( user_id = 5 and `search`=1 )  [ RunTime:0.0570s ]

[ 2017-11-17T14:14:34+08:00 ] 127.0.0.1 /Admin/Department/checkAccess
INFO: [ app_init ] --START--
INFO: Run Behavior\BuildLiteBehavior [ RunTime:0.000000s ]
INFO: [ app_init ] --END-- [ RunTime:0.001000s ]
INFO: [ app_begin ] --START--
INFO: Run Behavior\ReadHtmlCacheBehavior [ RunTime:0.001000s ]
INFO: [ app_begin ] --END-- [ RunTime:0.001000s ]
SQL: SHOW COLUMNS FROM `access` [ RunTime:0.0560s ]
SQL: SHOW COLUMNS FROM `access` [ RunTime:0.0560s ]
SQL: SELECT a.*,m.id as m_id,m.`name`,m.modular,m.controller,m.method FROM access a LEFT JOIN menu m ON m.id = a.menu_id  WHERE ( user_id = 5 and `search`=1 )  [ RunTime:0.0560s ]

[ 2017-11-17T14:14:37+08:00 ] 127.0.0.1 /Admin/Department/checkAccess
INFO: [ app_init ] --START--
INFO: Run Behavior\BuildLiteBehavior [ RunTime:0.000000s ]
INFO: [ app_init ] --END-- [ RunTime:0.001000s ]
INFO: [ app_begin ] --START--
INFO: Run Behavior\ReadHtmlCacheBehavior [ RunTime:0.001000s ]
INFO: [ app_begin ] --END-- [ RunTime:0.001000s ]
SQL: SHOW COLUMNS FROM `access` [ RunTime:0.0500s ]
SQL: SHOW COLUMNS FROM `access` [ RunTime:0.0490s ]
SQL: SELECT a.*,m.id as m_id,m.`name`,m.modular,m.controller,m.method FROM access a LEFT JOIN menu m ON m.id = a.menu_id  WHERE ( user_id = 5 and `search`=1 )  [ RunTime:0.0640s ]

[ 2017-11-17T14:14:42+08:00 ] 127.0.0.1 /Admin/Department/checkAccess
INFO: [ app_init ] --START--
INFO: Run Behavior\BuildLiteBehavior [ RunTime:0.000000s ]
INFO: [ app_init ] --END-- [ RunTime:0.000000s ]
INFO: [ app_begin ] --START--
INFO: Run Behavior\ReadHtmlCacheBehavior [ RunTime:0.001000s ]
INFO: [ app_begin ] --END-- [ RunTime:0.001000s ]
SQL: SHOW COLUMNS FROM `access` [ RunTime:0.0480s ]
SQL: SHOW COLUMNS FROM `access` [ RunTime:0.0500s ]
SQL: SELECT a.*,m.id as m_id,m.`name`,m.modular,m.controller,m.method FROM access a LEFT JOIN menu m ON m.id = a.menu_id  WHERE ( user_id = 5 and `search`=1 )  [ RunTime:0.0480s ]

[ 2017-11-17T14:32:52+08:00 ] 127.0.0.1 /Admin/Department/checkAccess
INFO: [ app_init ] --START--
INFO: Run Behavior\BuildLiteBehavior [ RunTime:0.000000s ]
INFO: [ app_init ] --END-- [ RunTime:0.000000s ]
INFO: [ app_begin ] --START--
INFO: Run Behavior\ReadHtmlCacheBehavior [ RunTime:0.001000s ]
INFO: [ app_begin ] --END-- [ RunTime:0.001000s ]
SQL: SHOW COLUMNS FROM `access` [ RunTime:0.0500s ]
SQL: SHOW COLUMNS FROM `access` [ RunTime:0.0500s ]
SQL: SELECT a.*,m.id as m_id,m.`name`,m.modular,m.controller,m.method FROM access a LEFT JOIN menu m ON m.id = a.menu_id  WHERE ( user_id = 5 and `search`=1 )  [ RunTime:0.0490s ]

[ 2017-11-17T14:34:57+08:00 ] 127.0.0.1 /Admin/Department/checkAccess
INFO: [ app_init ] --START--
INFO: Run Behavior\BuildLiteBehavior [ RunTime:0.000000s ]
INFO: [ app_init ] --END-- [ RunTime:0.000000s ]
INFO: [ app_begin ] --START--
INFO: Run Behavior\ReadHtmlCacheBehavior [ RunTime:0.002000s ]
INFO: [ app_begin ] --END-- [ RunTime:0.002000s ]
SQL: SHOW COLUMNS FROM `access` [ RunTime:0.0470s ]
SQL: SHOW COLUMNS FROM `access` [ RunTime:0.0500s ]
SQL: SELECT a.*,m.id as m_id,m.`name`,m.modular,m.controller,m.method FROM access a LEFT JOIN menu m ON m.id = a.menu_id  WHERE ( user_id = 5 and `search`=1 )  [ RunTime:0.0480s ]

[ 2017-11-17T14:34:58+08:00 ] 127.0.0.1 /Admin/Department/update_show/id/5
INFO: [ app_init ] --START--
INFO: Run Behavior\BuildLiteBehavior [ RunTime:0.000000s ]
INFO: [ app_init ] --END-- [ RunTime:0.001000s ]
INFO: [ app_begin ] --START--
INFO: Run Behavior\ReadHtmlCacheBehavior [ RunTime:0.001000s ]
INFO: [ app_begin ] --END-- [ RunTime:0.001000s ]
SQL: SHOW COLUMNS FROM `access` [ RunTime:0.0490s ]
SQL: SHOW COLUMNS FROM `access` [ RunTime:0.0580s ]
SQL: SELECT a.*,m.id as m_id,m.`name`,m.modular,m.controller,m.method FROM access a LEFT JOIN menu m ON m.id = a.menu_id  WHERE ( user_id = 5 and `search`=1 )  [ RunTime:0.0500s ]
SQL: SHOW COLUMNS FROM `department` [ RunTime:0.0500s ]
SQL: SHOW COLUMNS FROM `department` [ RunTime:0.0500s ]
SQL: SELECT * FROM `department`  [ RunTime:0.0490s ]
SQL: SHOW COLUMNS FROM `department` [ RunTime:0.0490s ]
SQL: SELECT * FROM `department` WHERE ( department_id=5 )  [ RunTime:0.0500s ]
INFO: [ view_parse ] --START--
INFO: [ template_filter ] --START--
INFO: Run Behavior\ContentReplaceBehavior [ RunTime:0.000000s ]
INFO: [ template_filter ] --END-- [ RunTime:0.000000s ]
INFO: Run Behavior\ParseTemplateBehavior [ RunTime:0.014000s ]
INFO: [ view_parse ] --END-- [ RunTime:0.015001s ]
INFO: [ view_filter ] --START--
INFO: Run Behavior\WriteHtmlCacheBehavior [ RunTime:0.001000s ]
INFO: [ view_filter ] --END-- [ RunTime:0.001000s ]
INFO: [ view_parse ] --START--
INFO: [ template_filter ] --START--
INFO: Run Behavior\ContentReplaceBehavior [ RunTime:0.000000s ]
INFO: [ template_filter ] --END-- [ RunTime:-0.006001s ]
NOTIC: [8] Undefined index: de_id D:\PhpStudy\web\thinkphp\Application\Runtime\Cache\Admin\9986d6b01a42273b9aa5ec2386cdde92.php 第 27 行.
NOTIC: [8] Undefined index: de_id D:\PhpStudy\web\thinkphp\Application\Runtime\Cache\Admin\9986d6b01a42273b9aa5ec2386cdde92.php 第 27 行.
NOTIC: [8] Undefined index: de_id D:\PhpStudy\web\thinkphp\Application\Runtime\Cache\Admin\9986d6b01a42273b9aa5ec2386cdde92.php 第 27 行.
NOTIC: [8] Undefined index: de_id D:\PhpStudy\web\thinkphp\Application\Runtime\Cache\Admin\9986d6b01a42273b9aa5ec2386cdde92.php 第 27 行.
INFO: Run Behavior\ParseTemplateBehavior [ RunTime:0.006001s ]
INFO: [ view_parse ] --END-- [ RunTime:-0.002000s ]
INFO: [ view_filter ] --START--
INFO: Run Behavior\WriteHtmlCacheBehavior [ RunTime:0.000000s ]
INFO: [ view_filter ] --END-- [ RunTime:-0.007001s ]
NOTIC: [2] Cannot modify header information - headers already sent by (output started at D:\PhpStudy\web\thinkphp\ThinkPHP\Library\Think\View.class.php:95) D:\PhpStudy\web\thinkphp\ThinkPHP\Library\Think\View.class.php 第 91 行.
NOTIC: [2] Cannot modify header information - headers already sent by (output started at D:\PhpStudy\web\thinkphp\ThinkPHP\Library\Think\View.class.php:95) D:\PhpStudy\web\thinkphp\ThinkPHP\Library\Think\View.class.php 第 92 行.
NOTIC: [2] Cannot modify header information - headers already sent by (output started at D:\PhpStudy\web\thinkphp\ThinkPHP\Library\Think\View.class.php:95) D:\PhpStudy\web\thinkphp\ThinkPHP\Library\Think\View.class.php 第 93 行.
INFO: [ app_end ] --START--
INFO: Run Behavior\ShowPageTraceBehavior [ RunTime:0.002000s ]
INFO: [ app_end ] --END-- [ RunTime:0.002000s ]

[ 2017-11-17T14:35:19+08:00 ] 127.0.0.1 /Admin/Index/cheackAccount
INFO: [ app_init ] --START--
INFO: Run Behavior\BuildLiteBehavior [ RunTime:0.000000s ]
INFO: [ app_init ] --END-- [ RunTime:0.000000s ]
INFO: [ app_begin ] --START--
INFO: Run Behavior\ReadHtmlCacheBehavior [ RunTime:0.000000s ]
INFO: [ app_begin ] --END-- [ RunTime:0.000000s ]
SQL: SHOW COLUMNS FROM `access` [ RunTime:0.0540s ]
SQL: SHOW COLUMNS FROM `access` [ RunTime:0.0560s ]
SQL: SELECT a.*,m.id as m_id,m.`name`,m.modular,m.controller,m.method FROM access a LEFT JOIN menu m ON m.id = a.menu_id  WHERE ( user_id = 5 and `search`=1 )  [ RunTime:0.0550s ]
SQL: SHOW COLUMNS FROM `user` [ RunTime:0.0560s ]
SQL: SHOW COLUMNS FROM `user` [ RunTime:0.0600s ]
SQL: SELECT * FROM `user` WHERE ( name='人力资源' )  [ RunTime:0.0580s ]
NOTIC: [8] Undefined offset: 0 D:\PhpStudy\web\thinkphp\Application\Admin\Model\UserModel.class.php 第 27 行.

[ 2017-11-17T14:35:19+08:00 ] 127.0.0.1 /Admin/Department/save_update
INFO: [ app_init ] --START--
INFO: Run Behavior\BuildLiteBehavior [ RunTime:0.000000s ]
INFO: [ app_init ] --END-- [ RunTime:0.000000s ]
INFO: [ app_begin ] --START--
INFO: Run Behavior\ReadHtmlCacheBehavior [ RunTime:0.001000s ]
INFO: [ app_begin ] --END-- [ RunTime:0.001000s ]
SQL: SHOW COLUMNS FROM `access` [ RunTime:0.0650s ]
SQL: SHOW COLUMNS FROM `access` [ RunTime:0.0570s ]
SQL: SELECT a.*,m.id as m_id,m.`name`,m.modular,m.controller,m.method FROM access a LEFT JOIN menu m ON m.id = a.menu_id  WHERE ( user_id = 5 and `search`=1 )  [ RunTime:0.0590s ]
SQL: SHOW COLUMNS FROM `department` [ RunTime:0.0620s ]
SQL: SHOW COLUMNS FROM `department` [ RunTime:0.0610s ]
SQL: SELECT * FROM `department` WHERE ( name='人力资源' )  [ RunTime:0.0620s ]
NOTIC: [8] Undefined offset: 0 D:\PhpStudy\web\thinkphp\Application\Admin\Model\DepartmentModel.class.php 第 30 行.
SQL: SHOW COLUMNS FROM `department` [ RunTime:0.0570s ]
SQL: UPDATE `department` SET `name`='人力资源',`parent_id`='1' WHERE ( department_id=5 ) [ RunTime:0.0580s ]
INFO: [ view_parse ] --START--
INFO: [ template_filter ] --START--
INFO: Run Behavior\ContentReplaceBehavior [ RunTime:0.000000s ]
INFO: [ template_filter ] --END-- [ RunTime:0.000000s ]
INFO: Run Behavior\ParseTemplateBehavior [ RunTime:0.023001s ]
INFO: [ view_parse ] --END-- [ RunTime:0.024001s ]
INFO: [ view_filter ] --START--
INFO: Run Behavior\WriteHtmlCacheBehavior [ RunTime:0.001000s ]
INFO: [ view_filter ] --END-- [ RunTime:0.001000s ]
INFO: [ view_parse ] --START--
INFO: [ template_filter ] --START--
INFO: Run Behavior\ContentReplaceBehavior [ RunTime:0.000000s ]
INFO: [ template_filter ] --END-- [ RunTime:-0.015001s ]
INFO: Run Behavior\ParseTemplateBehavior [ RunTime:0.015001s ]
INFO: [ view_parse ] --END-- [ RunTime:-0.001000s ]
INFO: [ view_filter ] --START--
INFO: Run Behavior\WriteHtmlCacheBehavior [ RunTime:0.000000s ]
INFO: [ view_filter ] --END-- [ RunTime:-0.015001s ]
NOTIC: [2] Cannot modify header information - headers already sent by (output started at D:\PhpStudy\web\thinkphp\ThinkPHP\Library\Think\View.class.php:95) D:\PhpStudy\web\thinkphp\ThinkPHP\Library\Think\View.class.php 第 91 行.
NOTIC: [2] Cannot modify header information - headers already sent by (output started at D:\PhpStudy\web\thinkphp\ThinkPHP\Library\Think\View.class.php:95) D:\PhpStudy\web\thinkphp\ThinkPHP\Library\Think\View.class.php 第 92 行.
NOTIC: [2] Cannot modify header information - headers already sent by (output started at D:\PhpStudy\web\thinkphp\ThinkPHP\Library\Think\View.class.php:95) D:\PhpStudy\web\thinkphp\ThinkPHP\Library\Think\View.class.php 第 93 行.
INFO: [ app_end ] --START--
INFO: Run Behavior\ShowPageTraceBehavior [ RunTime:0.001000s ]
INFO: [ app_end ] --END-- [ RunTime:0.001000s ]

[ 2017-11-17T14:35:21+08:00 ] 127.0.0.1 /Admin/Department/
INFO: [ app_init ] --START--
INFO: Run Behavior\BuildLiteBehavior [ RunTime:0.000000s ]
INFO: [ app_init ] --END-- [ RunTime:0.001000s ]
INFO: [ app_begin ] --START--
INFO: Run Behavior\ReadHtmlCacheBehavior [ RunTime:0.001000s ]
INFO: [ app_begin ] --END-- [ RunTime:0.001000s ]
SQL: SHOW COLUMNS FROM `access` [ RunTime:0.0510s ]
SQL: SHOW COLUMNS FROM `access` [ RunTime:0.0500s ]
SQL: SELECT a.*,m.id as m_id,m.`name`,m.modular,m.controller,m.method FROM access a LEFT JOIN menu m ON m.id = a.menu_id  WHERE ( user_id = 5 and `search`=1 )  [ RunTime:0.0510s ]
SQL: SHOW COLUMNS FROM `department` [ RunTime:0.0560s ]
SQL: SHOW COLUMNS FROM `department` [ RunTime:0.0510s ]
SQL: SELECT COUNT(*) AS tp_count FROM `department` LIMIT 1   [ RunTime:0.0500s ]
SQL: SHOW COLUMNS FROM `department` [ RunTime:0.0510s ]
SQL: SELECT * FROM `department` WHERE ( 1=1 ) ORDER BY department_id desc LIMIT 0,10   [ RunTime:0.0510s ]
INFO: [ view_parse ] --START--
INFO: [ template_filter ] --START--
INFO: Run Behavior\ContentReplaceBehavior [ RunTime:0.000000s ]
INFO: [ template_filter ] --END-- [ RunTime:0.000000s ]
INFO: Run Behavior\ParseTemplateBehavior [ RunTime:0.018001s ]
INFO: [ view_parse ] --END-- [ RunTime:0.018001s ]
INFO: [ view_filter ] --START--
INFO: Run Behavior\WriteHtmlCacheBehavior [ RunTime:0.000000s ]
INFO: [ view_filter ] --END-- [ RunTime:0.000000s ]
INFO: [ view_parse ] --START--
INFO: [ template_filter ] --START--
INFO: Run Behavior\ContentReplaceBehavior [ RunTime:0.000000s ]
INFO: [ template_filter ] --END-- [ RunTime:-0.007000s ]
NOTIC: [8] Undefined index: id D:\PhpStudy\web\thinkphp\Application\Runtime\Cache\Admin\f2baec771aba0772b0875523439f11eb.php 第 66 行.
NOTIC: [8] Undefined index: id D:\PhpStudy\web\thinkphp\Application\Runtime\Cache\Admin\f2baec771aba0772b0875523439f11eb.php 第 66 行.
NOTIC: [8] Undefined index: id D:\PhpStudy\web\thinkphp\Application\Runtime\Cache\Admin\f2baec771aba0772b0875523439f11eb.php 第 66 行.
NOTIC: [8] Undefined index: id D:\PhpStudy\web\thinkphp\Application\Runtime\Cache\Admin\f2baec771aba0772b0875523439f11eb.php 第 66 行.
INFO: Run Behavior\ParseTemplateBehavior [ RunTime:0.007000s ]
INFO: [ view_parse ] --END-- [ RunTime:-0.002000s ]
INFO: [ view_filter ] --START--
INFO: Run Behavior\WriteHtmlCacheBehavior [ RunTime:0.000000s ]
INFO: [ view_filter ] --END-- [ RunTime:-0.008000s ]
NOTIC: [2] Cannot modify header information - headers already sent by (output started at D:\PhpStudy\web\thinkphp\ThinkPHP\Library\Think\View.class.php:95) D:\PhpStudy\web\thinkphp\ThinkPHP\Library\Think\View.class.php 第 91 行.
NOTIC: [2] Cannot modify header information - headers already sent by (output started at D:\PhpStudy\web\thinkphp\ThinkPHP\Library\Think\View.class.php:95) D:\PhpStudy\web\thinkphp\ThinkPHP\Library\Think\View.class.php 第 92 行.
NOTIC: [2] Cannot modify header information - headers already sent by (output started at D:\PhpStudy\web\thinkphp\ThinkPHP\Library\Think\View.class.php:95) D:\PhpStudy\web\thinkphp\ThinkPHP\Library\Think\View.class.php 第 93 行.
INFO: [ app_end ] --START--
INFO: Run Behavior\ShowPageTraceBehavior [ RunTime:0.002000s ]
INFO: [ app_end ] --END-- [ RunTime:0.002000s ]

[ 2017-11-17T14:49:49+08:00 ] 127.0.0.1 /Admin/Department/
INFO: [ app_init ] --START--
INFO: Run Behavior\BuildLiteBehavior [ RunTime:0.000000s ]
INFO: [ app_init ] --END-- [ RunTime:0.001000s ]
INFO: [ app_begin ] --START--
INFO: Run Behavior\ReadHtmlCacheBehavior [ RunTime:0.001000s ]
INFO: [ app_begin ] --END-- [ RunTime:0.001000s ]
SQL: SHOW COLUMNS FROM `access` [ RunTime:0.0590s ]
SQL: SHOW COLUMNS FROM `access` [ RunTime:0.0600s ]
SQL: SELECT a.*,m.id as m_id,m.`name`,m.modular,m.controller,m.method FROM access a LEFT JOIN menu m ON m.id = a.menu_id  WHERE ( user_id = 5 and `search`=1 )  [ RunTime:0.0560s ]
SQL: SHOW COLUMNS FROM `department` [ RunTime:0.0540s ]
SQL: SHOW COLUMNS FROM `department` [ RunTime:0.0550s ]
SQL: SELECT COUNT(*) AS tp_count FROM `department` LIMIT 1   [ RunTime:0.0560s ]
SQL: SHOW COLUMNS FROM `department` [ RunTime:0.0580s ]
ERR: 1054:Unknown column 'd.department_id' in 'where clause'
 [ SQL语句 ] : SELECT * FROM `department` WHERE ( d.department_id > 0 ) ORDER BY department_id desc LIMIT 0,10  
ERR: 1054:Unknown column 'd.department_id' in 'where clause'
 [ SQL语句 ] : SELECT * FROM `department` WHERE ( d.department_id > 0 ) ORDER BY department_id desc LIMIT 0,10  

[ 2017-11-17T14:50:38+08:00 ] 127.0.0.1 /Admin/Department/
INFO: [ app_init ] --START--
INFO: Run Behavior\BuildLiteBehavior [ RunTime:0.000000s ]
INFO: [ app_init ] --END-- [ RunTime:0.000000s ]
INFO: [ app_begin ] --START--
INFO: Run Behavior\ReadHtmlCacheBehavior [ RunTime:0.001000s ]
INFO: [ app_begin ] --END-- [ RunTime:0.001000s ]
SQL: SHOW COLUMNS FROM `access` [ RunTime:0.0560s ]
SQL: SHOW COLUMNS FROM `access` [ RunTime:0.0550s ]
SQL: SELECT a.*,m.id as m_id,m.`name`,m.modular,m.controller,m.method FROM access a LEFT JOIN menu m ON m.id = a.menu_id  WHERE ( user_id = 5 and `search`=1 )  [ RunTime:0.0560s ]
SQL: SHOW COLUMNS FROM `department` [ RunTime:0.0570s ]
SQL: SHOW COLUMNS FROM `department` [ RunTime:0.0560s ]
SQL: SELECT COUNT(*) AS tp_count FROM `department` LIMIT 1   [ RunTime:0.0550s ]
SQL: SHOW COLUMNS FROM `department` [ RunTime:0.0570s ]
SQL: SELECT d.*,ds.`name` as dname FROM department d left JOIN department ds ON ds.department_id = d.parent_id  WHERE ( d.department_id > 0 ) ORDER BY department_id desc LIMIT 0,10   [ RunTime:0.0560s ]
INFO: [ view_parse ] --START--
INFO: [ template_filter ] --START--
INFO: Run Behavior\ContentReplaceBehavior [ RunTime:0.000000s ]
INFO: [ template_filter ] --END-- [ RunTime:0.000000s ]
INFO: Run Behavior\ParseTemplateBehavior [ RunTime:0.016001s ]
INFO: [ view_parse ] --END-- [ RunTime:0.016001s ]
INFO: [ view_filter ] --START--
INFO: Run Behavior\WriteHtmlCacheBehavior [ RunTime:0.000000s ]
INFO: [ view_filter ] --END-- [ RunTime:0.001000s ]
INFO: [ view_parse ] --START--
INFO: [ template_filter ] --START--
INFO: Run Behavior\ContentReplaceBehavior [ RunTime:0.000000s ]
INFO: [ template_filter ] --END-- [ RunTime:-0.007001s ]
NOTIC: [8] Undefined index: id D:\PhpStudy\web\thinkphp\Application\Runtime\Cache\Admin\f2baec771aba0772b0875523439f11eb.php 第 66 行.
NOTIC: [8] Undefined index: id D:\PhpStudy\web\thinkphp\Application\Runtime\Cache\Admin\f2baec771aba0772b0875523439f11eb.php 第 66 行.
NOTIC: [8] Undefined index: id D:\PhpStudy\web\thinkphp\Application\Runtime\Cache\Admin\f2baec771aba0772b0875523439f11eb.php 第 66 行.
NOTIC: [8] Undefined index: id D:\PhpStudy\web\thinkphp\Application\Runtime\Cache\Admin\f2baec771aba0772b0875523439f11eb.php 第 66 行.
INFO: Run Behavior\ParseTemplateBehavior [ RunTime:0.006001s ]
INFO: [ view_parse ] --END-- [ RunTime:-0.001000s ]
INFO: [ view_filter ] --START--
INFO: Run Behavior\WriteHtmlCacheBehavior [ RunTime:0.000000s ]
INFO: [ view_filter ] --END-- [ RunTime:-0.006001s ]
NOTIC: [2] Cannot modify header information - headers already sent by (output started at D:\PhpStudy\web\thinkphp\ThinkPHP\Library\Think\View.class.php:95) D:\PhpStudy\web\thinkphp\ThinkPHP\Library\Think\View.class.php 第 91 行.
NOTIC: [2] Cannot modify header information - headers already sent by (output started at D:\PhpStudy\web\thinkphp\ThinkPHP\Library\Think\View.class.php:95) D:\PhpStudy\web\thinkphp\ThinkPHP\Library\Think\View.class.php 第 92 行.
NOTIC: [2] Cannot modify header information - headers already sent by (output started at D:\PhpStudy\web\thinkphp\ThinkPHP\Library\Think\View.class.php:95) D:\PhpStudy\web\thinkphp\ThinkPHP\Library\Think\View.class.php 第 93 行.
INFO: [ app_end ] --START--
INFO: Run Behavior\ShowPageTraceBehavior [ RunTime:0.001000s ]
INFO: [ app_end ] --END-- [ RunTime:0.001000s ]

[ 2017-11-17T15:15:19+08:00 ] 127.0.0.1 /Admin/Department/checkAccess
INFO: [ app_init ] --START--
INFO: Run Behavior\BuildLiteBehavior [ RunTime:0.000000s ]
INFO: [ app_init ] --END-- [ RunTime:0.000000s ]
INFO: [ app_begin ] --START--
INFO: Run Behavior\ReadHtmlCacheBehavior [ RunTime:0.001000s ]
INFO: [ app_begin ] --END-- [ RunTime:0.001000s ]
SQL: SHOW COLUMNS FROM `access` [ RunTime:0.0500s ]
SQL: SHOW COLUMNS FROM `access` [ RunTime:0.0500s ]
SQL: SELECT a.*,m.id as m_id,m.`name`,m.modular,m.controller,m.method FROM access a LEFT JOIN menu m ON m.id = a.menu_id  WHERE ( user_id = 5 and `search`=1 )  [ RunTime:0.0490s ]

[ 2017-11-17T15:15:19+08:00 ] 127.0.0.1 /Admin/Department/showadd
INFO: [ app_init ] --START--
INFO: Run Behavior\BuildLiteBehavior [ RunTime:0.000000s ]
INFO: [ app_init ] --END-- [ RunTime:0.001000s ]
INFO: [ app_begin ] --START--
INFO: Run Behavior\ReadHtmlCacheBehavior [ RunTime:0.001000s ]
INFO: [ app_begin ] --END-- [ RunTime:0.001000s ]
SQL: SHOW COLUMNS FROM `access` [ RunTime:0.0570s ]
SQL: SHOW COLUMNS FROM `access` [ RunTime:0.0550s ]
SQL: SELECT a.*,m.id as m_id,m.`name`,m.modular,m.controller,m.method FROM access a LEFT JOIN menu m ON m.id = a.menu_id  WHERE ( user_id = 5 and `search`=1 )  [ RunTime:0.0570s ]
SQL: SHOW COLUMNS FROM `department` [ RunTime:0.0560s ]
SQL: SHOW COLUMNS FROM `department` [ RunTime:0.0570s ]
SQL: SELECT * FROM `department`  [ RunTime:0.0650s ]
INFO: [ view_parse ] --START--
INFO: [ template_filter ] --START--
INFO: Run Behavior\ContentReplaceBehavior [ RunTime:0.000000s ]
INFO: [ template_filter ] --END-- [ RunTime:0.000000s ]
INFO: Run Behavior\ParseTemplateBehavior [ RunTime:0.007000s ]
INFO: [ view_parse ] --END-- [ RunTime:0.007000s ]
INFO: [ view_filter ] --START--
INFO: Run Behavior\WriteHtmlCacheBehavior [ RunTime:0.000000s ]
INFO: [ view_filter ] --END-- [ RunTime:0.000000s ]
INFO: [ view_parse ] --START--
INFO: [ template_filter ] --START--
INFO: Run Behavior\ContentReplaceBehavior [ RunTime:0.000000s ]
INFO: [ template_filter ] --END-- [ RunTime:-0.003000s ]
INFO: Run Behavior\ParseTemplateBehavior [ RunTime:0.003000s ]
INFO: [ view_parse ] --END-- [ RunTime:-0.001000s ]
INFO: [ view_filter ] --START--
INFO: Run Behavior\WriteHtmlCacheBehavior [ RunTime:0.000000s ]
INFO: [ view_filter ] --END-- [ RunTime:-0.004000s ]
NOTIC: [2] Cannot modify header information - headers already sent by (output started at D:\PhpStudy\web\thinkphp\ThinkPHP\Library\Think\View.class.php:95) D:\PhpStudy\web\thinkphp\ThinkPHP\Library\Think\View.class.php 第 91 行.
NOTIC: [2] Cannot modify header information - headers already sent by (output started at D:\PhpStudy\web\thinkphp\ThinkPHP\Library\Think\View.class.php:95) D:\PhpStudy\web\thinkphp\ThinkPHP\Library\Think\View.class.php 第 92 行.
NOTIC: [2] Cannot modify header information - headers already sent by (output started at D:\PhpStudy\web\thinkphp\ThinkPHP\Library\Think\View.class.php:95) D:\PhpStudy\web\thinkphp\ThinkPHP\Library\Think\View.class.php 第 93 行.
INFO: [ app_end ] --START--
INFO: Run Behavior\ShowPageTraceBehavior [ RunTime:0.000000s ]
INFO: [ app_end ] --END-- [ RunTime:0.000000s ]

[ 2017-11-17T15:15:21+08:00 ] 127.0.0.1 /Admin/Department/index
INFO: [ app_init ] --START--
INFO: Run Behavior\BuildLiteBehavior [ RunTime:0.000000s ]
INFO: [ app_init ] --END-- [ RunTime:0.000000s ]
INFO: [ app_begin ] --START--
INFO: Run Behavior\ReadHtmlCacheBehavior [ RunTime:0.000000s ]
INFO: [ app_begin ] --END-- [ RunTime:0.000000s ]
SQL: SHOW COLUMNS FROM `access` [ RunTime:0.0480s ]
SQL: SHOW COLUMNS FROM `access` [ RunTime:0.0490s ]
SQL: SELECT a.*,m.id as m_id,m.`name`,m.modular,m.controller,m.method FROM access a LEFT JOIN menu m ON m.id = a.menu_id  WHERE ( user_id = 5 and `search`=1 )  [ RunTime:0.0490s ]
SQL: SHOW COLUMNS FROM `department` [ RunTime:0.0500s ]
SQL: SHOW COLUMNS FROM `department` [ RunTime:0.0490s ]
SQL: SELECT COUNT(*) AS tp_count FROM `department` LIMIT 1   [ RunTime:0.0470s ]
SQL: SHOW COLUMNS FROM `department` [ RunTime:0.0500s ]
SQL: SELECT d.*,ds.`name` as dname FROM department d left JOIN department ds ON ds.department_id = d.parent_id  WHERE ( d.department_id > 0 ) ORDER BY department_id desc LIMIT 0,10   [ RunTime:0.0500s ]
INFO: [ view_parse ] --START--
INFO: [ template_filter ] --START--
INFO: Run Behavior\ContentReplaceBehavior [ RunTime:0.000000s ]
INFO: [ template_filter ] --END-- [ RunTime:0.000000s ]
INFO: Run Behavior\ParseTemplateBehavior [ RunTime:0.006000s ]
INFO: [ view_parse ] --END-- [ RunTime:0.006000s ]
INFO: [ view_filter ] --START--
INFO: Run Behavior\WriteHtmlCacheBehavior [ RunTime:0.000000s ]
INFO: [ view_filter ] --END-- [ RunTime:0.000000s ]
INFO: [ view_parse ] --START--
INFO: [ template_filter ] --START--
INFO: Run Behavior\ContentReplaceBehavior [ RunTime:0.000000s ]
INFO: [ template_filter ] --END-- [ RunTime:-0.003001s ]
NOTIC: [8] Undefined index: id D:\PhpStudy\web\thinkphp\Application\Runtime\Cache\Admin\f2baec771aba0772b0875523439f11eb.php 第 66 行.
NOTIC: [8] Undefined index: id D:\PhpStudy\web\thinkphp\Application\Runtime\Cache\Admin\f2baec771aba0772b0875523439f11eb.php 第 66 行.
NOTIC: [8] Undefined index: id D:\PhpStudy\web\thinkphp\Application\Runtime\Cache\Admin\f2baec771aba0772b0875523439f11eb.php 第 66 行.
NOTIC: [8] Undefined index: id D:\PhpStudy\web\thinkphp\Application\Runtime\Cache\Admin\f2baec771aba0772b0875523439f11eb.php 第 66 行.
INFO: Run Behavior\ParseTemplateBehavior [ RunTime:0.003001s ]
INFO: [ view_parse ] --END-- [ RunTime:0.000000s ]
INFO: [ view_filter ] --START--
INFO: Run Behavior\WriteHtmlCacheBehavior [ RunTime:0.000000s ]
INFO: [ view_filter ] --END-- [ RunTime:-0.003001s ]
NOTIC: [2] Cannot modify header information - headers already sent by (output started at D:\PhpStudy\web\thinkphp\ThinkPHP\Library\Think\View.class.php:95) D:\PhpStudy\web\thinkphp\ThinkPHP\Library\Think\View.class.php 第 91 行.
NOTIC: [2] Cannot modify header information - headers already sent by (output started at D:\PhpStudy\web\thinkphp\ThinkPHP\Library\Think\View.class.php:95) D:\PhpStudy\web\thinkphp\ThinkPHP\Library\Think\View.class.php 第 92 行.
NOTIC: [2] Cannot modify header information - headers already sent by (output started at D:\PhpStudy\web\thinkphp\ThinkPHP\Library\Think\View.class.php:95) D:\PhpStudy\web\thinkphp\ThinkPHP\Library\Think\View.class.php 第 93 行.
INFO: [ app_end ] --START--
INFO: Run Behavior\ShowPageTraceBehavior [ RunTime:0.000000s ]
INFO: [ app_end ] --END-- [ RunTime:0.000000s ]

[ 2017-11-17T15:15:23+08:00 ] 127.0.0.1 /Admin/Department/checkAccess
INFO: [ app_init ] --START--
INFO: Run Behavior\BuildLiteBehavior [ RunTime:0.000000s ]
INFO: [ app_init ] --END-- [ RunTime:0.001000s ]
INFO: [ app_begin ] --START--
INFO: Run Behavior\ReadHtmlCacheBehavior [ RunTime:0.001000s ]
INFO: [ app_begin ] --END-- [ RunTime:0.001000s ]
SQL: SHOW COLUMNS FROM `access` [ RunTime:0.0490s ]
SQL: SHOW COLUMNS FROM `access` [ RunTime:0.0490s ]
SQL: SELECT a.*,m.id as m_id,m.`name`,m.modular,m.controller,m.method FROM access a LEFT JOIN menu m ON m.id = a.menu_id  WHERE ( user_id = 5 and `search`=1 )  [ RunTime:0.0490s ]

[ 2017-11-17T15:15:24+08:00 ] 127.0.0.1 /Admin/Department/update_show/id/5
INFO: [ app_init ] --START--
INFO: Run Behavior\BuildLiteBehavior [ RunTime:0.000000s ]
INFO: [ app_init ] --END-- [ RunTime:0.001000s ]
INFO: [ app_begin ] --START--
INFO: Run Behavior\ReadHtmlCacheBehavior [ RunTime:0.001000s ]
INFO: [ app_begin ] --END-- [ RunTime:0.001000s ]
SQL: SHOW COLUMNS FROM `access` [ RunTime:0.0550s ]
SQL: SHOW COLUMNS FROM `access` [ RunTime:0.0560s ]
SQL: SELECT a.*,m.id as m_id,m.`name`,m.modular,m.controller,m.method FROM access a LEFT JOIN menu m ON m.id = a.menu_id  WHERE ( user_id = 5 and `search`=1 )  [ RunTime:0.0560s ]
SQL: SHOW COLUMNS FROM `department` [ RunTime:0.0560s ]
SQL: SHOW COLUMNS FROM `department` [ RunTime:0.0560s ]
SQL: SELECT * FROM `department`  [ RunTime:0.0560s ]
SQL: SHOW COLUMNS FROM `department` [ RunTime:0.0570s ]
SQL: SELECT * FROM `department` WHERE ( department_id=5 )  [ RunTime:0.0550s ]
INFO: [ view_parse ] --START--
INFO: [ template_filter ] --START--
INFO: Run Behavior\ContentReplaceBehavior [ RunTime:0.000000s ]
INFO: [ template_filter ] --END-- [ RunTime:0.000000s ]
INFO: Run Behavior\ParseTemplateBehavior [ RunTime:0.011001s ]
INFO: [ view_parse ] --END-- [ RunTime:0.011001s ]
INFO: [ view_filter ] --START--
INFO: Run Behavior\WriteHtmlCacheBehavior [ RunTime:0.001000s ]
INFO: [ view_filter ] --END-- [ RunTime:0.001000s ]
INFO: [ view_parse ] --START--
INFO: [ template_filter ] --START--
INFO: Run Behavior\ContentReplaceBehavior [ RunTime:0.000000s ]
INFO: [ template_filter ] --END-- [ RunTime:-0.005000s ]
NOTIC: [8] Undefined index: de_id D:\PhpStudy\web\thinkphp\Application\Runtime\Cache\Admin\9986d6b01a42273b9aa5ec2386cdde92.php 第 27 行.
NOTIC: [8] Undefined index: de_id D:\PhpStudy\web\thinkphp\Application\Runtime\Cache\Admin\9986d6b01a42273b9aa5ec2386cdde92.php 第 27 行.
NOTIC: [8] Undefined index: de_id D:\PhpStudy\web\thinkphp\Application\Runtime\Cache\Admin\9986d6b01a42273b9aa5ec2386cdde92.php 第 27 行.
NOTIC: [8] Undefined index: de_id D:\PhpStudy\web\thinkphp\Application\Runtime\Cache\Admin\9986d6b01a42273b9aa5ec2386cdde92.php 第 27 行.
NOTIC: [8] Undefined index: de_id D:\PhpStudy\web\thinkphp\Application\Runtime\Cache\Admin\9986d6b01a42273b9aa5ec2386cdde92.php 第 27 行.
INFO: Run Behavior\ParseTemplateBehavior [ RunTime:0.004000s ]
INFO: [ view_parse ] --END-- [ RunTime:-0.002000s ]
INFO: [ view_filter ] --START--
INFO: Run Behavior\WriteHtmlCacheBehavior [ RunTime:0.000000s ]
INFO: [ view_filter ] --END-- [ RunTime:-0.006000s ]
NOTIC: [2] Cannot modify header information - headers already sent by (output started at D:\PhpStudy\web\thinkphp\ThinkPHP\Library\Think\View.class.php:95) D:\PhpStudy\web\thinkphp\ThinkPHP\Library\Think\View.class.php 第 91 行.
NOTIC: [2] Cannot modify header information - headers already sent by (output started at D:\PhpStudy\web\thinkphp\ThinkPHP\Library\Think\View.class.php:95) D:\PhpStudy\web\thinkphp\ThinkPHP\Library\Think\View.class.php 第 92 行.
NOTIC: [2] Cannot modify header information - headers already sent by (output started at D:\PhpStudy\web\thinkphp\ThinkPHP\Library\Think\View.class.php:95) D:\PhpStudy\web\thinkphp\ThinkPHP\Library\Think\View.class.php 第 93 行.
INFO: [ app_end ] --START--
INFO: Run Behavior\ShowPageTraceBehavior [ RunTime:0.001000s ]
INFO: [ app_end ] --END-- [ RunTime:0.001000s ]

[ 2017-11-17T15:15:25+08:00 ] 127.0.0.1 /Admin/Department/index
INFO: [ app_init ] --START--
INFO: Run Behavior\BuildLiteBehavior [ RunTime:0.000000s ]
INFO: [ app_init ] --END-- [ RunTime:0.000000s ]
INFO: [ app_begin ] --START--
INFO: Run Behavior\ReadHtmlCacheBehavior [ RunTime:0.000000s ]
INFO: [ app_begin ] --END-- [ RunTime:0.000000s ]
SQL: SHOW COLUMNS FROM `access` [ RunTime:0.0500s ]
SQL: SHOW COLUMNS FROM `access` [ RunTime:0.0490s ]
SQL: SELECT a.*,m.id as m_id,m.`name`,m.modular,m.controller,m.method FROM access a LEFT JOIN menu m ON m.id = a.menu_id  WHERE ( user_id = 5 and `search`=1 )  [ RunTime:0.0490s ]
SQL: SHOW COLUMNS FROM `department` [ RunTime:0.0480s ]
SQL: SHOW COLUMNS FROM `department` [ RunTime:0.0530s ]
SQL: SELECT COUNT(*) AS tp_count FROM `department` LIMIT 1   [ RunTime:0.0470s ]
SQL: SHOW COLUMNS FROM `department` [ RunTime:0.0500s ]
SQL: SELECT d.*,ds.`name` as dname FROM department d left JOIN department ds ON ds.department_id = d.parent_id  WHERE ( d.department_id > 0 ) ORDER BY department_id desc LIMIT 0,10   [ RunTime:0.0480s ]
INFO: [ view_parse ] --START--
INFO: [ template_filter ] --START--
INFO: Run Behavior\ContentReplaceBehavior [ RunTime:0.000000s ]
INFO: [ template_filter ] --END-- [ RunTime:0.000000s ]
INFO: Run Behavior\ParseTemplateBehavior [ RunTime:0.006001s ]
INFO: [ view_parse ] --END-- [ RunTime:0.006001s ]
INFO: [ view_filter ] --START--
INFO: Run Behavior\WriteHtmlCacheBehavior [ RunTime:0.000000s ]
INFO: [ view_filter ] --END-- [ RunTime:0.000000s ]
INFO: [ view_parse ] --START--
INFO: [ template_filter ] --START--
INFO: Run Behavior\ContentReplaceBehavior [ RunTime:0.000000s ]
INFO: [ template_filter ] --END-- [ RunTime:-0.004001s ]
NOTIC: [8] Undefined index: id D:\PhpStudy\web\thinkphp\Application\Runtime\Cache\Admin\f2baec771aba0772b0875523439f11eb.php 第 66 行.
NOTIC: [8] Undefined index: id D:\PhpStudy\web\thinkphp\Application\Runtime\Cache\Admin\f2baec771aba0772b0875523439f11eb.php 第 66 行.
NOTIC: [8] Undefined index: id D:\PhpStudy\web\thinkphp\Application\Runtime\Cache\Admin\f2baec771aba0772b0875523439f11eb.php 第 66 行.
NOTIC: [8] Undefined index: id D:\PhpStudy\web\thinkphp\Application\Runtime\Cache\Admin\f2baec771aba0772b0875523439f11eb.php 第 66 行.
INFO: Run Behavior\ParseTemplateBehavior [ RunTime:0.003000s ]
INFO: [ view_parse ] --END-- [ RunTime:-0.001000s ]
INFO: [ view_filter ] --START--
INFO: Run Behavior\WriteHtmlCacheBehavior [ RunTime:0.000000s ]
INFO: [ view_filter ] --END-- [ RunTime:-0.004000s ]
NOTIC: [2] Cannot modify header information - headers already sent by (output started at D:\PhpStudy\web\thinkphp\ThinkPHP\Library\Think\View.class.php:95) D:\PhpStudy\web\thinkphp\ThinkPHP\Library\Think\View.class.php 第 91 行.
NOTIC: [2] Cannot modify header information - headers already sent by (output started at D:\PhpStudy\web\thinkphp\ThinkPHP\Library\Think\View.class.php:95) D:\PhpStudy\web\thinkphp\ThinkPHP\Library\Think\View.class.php 第 92 行.
NOTIC: [2] Cannot modify header information - headers already sent by (output started at D:\PhpStudy\web\thinkphp\ThinkPHP\Library\Think\View.class.php:95) D:\PhpStudy\web\thinkphp\ThinkPHP\Library\Think\View.class.php 第 93 行.
INFO: [ app_end ] --START--
INFO: Run Behavior\ShowPageTraceBehavior [ RunTime:0.001000s ]
INFO: [ app_end ] --END-- [ RunTime:0.001000s ]

[ 2017-11-17T15:15:28+08:00 ] 127.0.0.1 /Admin/Department/checkAccess
INFO: [ app_init ] --START--
INFO: Run Behavior\BuildLiteBehavior [ RunTime:0.000000s ]
INFO: [ app_init ] --END-- [ RunTime:0.001000s ]
INFO: [ app_begin ] --START--
INFO: Run Behavior\ReadHtmlCacheBehavior [ RunTime:0.001000s ]
INFO: [ app_begin ] --END-- [ RunTime:0.001000s ]
SQL: SHOW COLUMNS FROM `access` [ RunTime:0.0510s ]
SQL: SHOW COLUMNS FROM `access` [ RunTime:0.0530s ]
SQL: SELECT a.*,m.id as m_id,m.`name`,m.modular,m.controller,m.method FROM access a LEFT JOIN menu m ON m.id = a.menu_id  WHERE ( user_id = 5 and `search`=1 )  [ RunTime:0.0530s ]

[ 2017-11-17T15:15:32+08:00 ] 127.0.0.1 /Admin/Role/index
INFO: [ app_init ] --START--
INFO: Run Behavior\BuildLiteBehavior [ RunTime:0.000000s ]
INFO: [ app_init ] --END-- [ RunTime:0.000000s ]
INFO: [ app_begin ] --START--
INFO: Run Behavior\ReadHtmlCacheBehavior [ RunTime:0.000000s ]
INFO: [ app_begin ] --END-- [ RunTime:0.000000s ]
SQL: SHOW COLUMNS FROM `access` [ RunTime:0.0490s ]
SQL: SHOW COLUMNS FROM `access` [ RunTime:0.0490s ]
SQL: SELECT a.*,m.id as m_id,m.`name`,m.modular,m.controller,m.method FROM access a LEFT JOIN menu m ON m.id = a.menu_id  WHERE ( user_id = 5 and `search`=1 )  [ RunTime:0.0590s ]
SQL: SHOW COLUMNS FROM `role` [ RunTime:0.0530s ]
SQL: SHOW COLUMNS FROM `role` [ RunTime:0.0530s ]
SQL: SELECT COUNT(*) AS tp_count FROM `role` LIMIT 1   [ RunTime:0.0510s ]
SQL: SHOW COLUMNS FROM `role` [ RunTime:0.0530s ]
SQL: SELECT * FROM `role` WHERE ( 1=1 ) ORDER BY id desc LIMIT 0,10   [ RunTime:0.0490s ]
INFO: [ view_parse ] --START--
INFO: [ template_filter ] --START--
INFO: Run Behavior\ContentReplaceBehavior [ RunTime:0.000000s ]
INFO: [ template_filter ] --END-- [ RunTime:0.000000s ]
INFO: Run Behavior\ParseTemplateBehavior [ RunTime:0.007001s ]
INFO: [ view_parse ] --END-- [ RunTime:0.007001s ]
INFO: [ view_filter ] --START--
INFO: Run Behavior\WriteHtmlCacheBehavior [ RunTime:0.001000s ]
INFO: [ view_filter ] --END-- [ RunTime:0.001000s ]
INFO: [ view_parse ] --START--
INFO: [ template_filter ] --START--
INFO: Run Behavior\ContentReplaceBehavior [ RunTime:0.000000s ]
INFO: [ template_filter ] --END-- [ RunTime:-0.004001s ]
INFO: Run Behavior\ParseTemplateBehavior [ RunTime:0.004000s ]
INFO: [ view_parse ] --END-- [ RunTime:-0.001000s ]
INFO: [ view_filter ] --START--
INFO: Run Behavior\WriteHtmlCacheBehavior [ RunTime:0.000000s ]
INFO: [ view_filter ] --END-- [ RunTime:-0.004000s ]
NOTIC: [2] Cannot modify header information - headers already sent by (output started at D:\PhpStudy\web\thinkphp\ThinkPHP\Library\Think\View.class.php:95) D:\PhpStudy\web\thinkphp\ThinkPHP\Library\Think\View.class.php 第 91 行.
NOTIC: [2] Cannot modify header information - headers already sent by (output started at D:\PhpStudy\web\thinkphp\ThinkPHP\Library\Think\View.class.php:95) D:\PhpStudy\web\thinkphp\ThinkPHP\Library\Think\View.class.php 第 92 行.
NOTIC: [2] Cannot modify header information - headers already sent by (output started at D:\PhpStudy\web\thinkphp\ThinkPHP\Library\Think\View.class.php:95) D:\PhpStudy\web\thinkphp\ThinkPHP\Library\Think\View.class.php 第 93 行.
INFO: [ app_end ] --START--
INFO: Run Behavior\ShowPageTraceBehavior [ RunTime:0.001000s ]
INFO: [ app_end ] --END-- [ RunTime:0.001000s ]

[ 2017-11-17T15:15:33+08:00 ] 127.0.0.1 /Admin/Role/checkAccess
INFO: [ app_init ] --START--
INFO: Run Behavior\BuildLiteBehavior [ RunTime:0.000000s ]
INFO: [ app_init ] --END-- [ RunTime:0.001000s ]
INFO: [ app_begin ] --START--
INFO: Run Behavior\ReadHtmlCacheBehavior [ RunTime:0.001000s ]
INFO: [ app_begin ] --END-- [ RunTime:0.001000s ]
SQL: SHOW COLUMNS FROM `access` [ RunTime:0.0560s ]
SQL: SHOW COLUMNS FROM `access` [ RunTime:0.0600s ]
SQL: SELECT a.*,m.id as m_id,m.`name`,m.modular,m.controller,m.method FROM access a LEFT JOIN menu m ON m.id = a.menu_id  WHERE ( user_id = 5 and `search`=1 )  [ RunTime:0.0580s ]

[ 2017-11-17T15:15:36+08:00 ] 127.0.0.1 /Admin/Role/checkAccess
INFO: [ app_init ] --START--
INFO: Run Behavior\BuildLiteBehavior [ RunTime:0.000000s ]
INFO: [ app_init ] --END-- [ RunTime:0.001000s ]
INFO: [ app_begin ] --START--
INFO: Run Behavior\ReadHtmlCacheBehavior [ RunTime:0.000000s ]
INFO: [ app_begin ] --END-- [ RunTime:0.000000s ]
SQL: SHOW COLUMNS FROM `access` [ RunTime:0.0550s ]
SQL: SHOW COLUMNS FROM `access` [ RunTime:0.0650s ]
SQL: SELECT a.*,m.id as m_id,m.`name`,m.modular,m.controller,m.method FROM access a LEFT JOIN menu m ON m.id = a.menu_id  WHERE ( user_id = 5 and `search`=1 )  [ RunTime:0.0570s ]

[ 2017-11-17T15:16:03+08:00 ] 127.0.0.1 /Admin/Role/index?page=1
INFO: [ app_init ] --START--
INFO: Run Behavior\BuildLiteBehavior [ RunTime:0.000000s ]
INFO: [ app_init ] --END-- [ RunTime:0.001000s ]
INFO: [ app_begin ] --START--
INFO: Run Behavior\ReadHtmlCacheBehavior [ RunTime:0.001000s ]
INFO: [ app_begin ] --END-- [ RunTime:0.001000s ]
SQL: SHOW COLUMNS FROM `access` [ RunTime:0.0510s ]
SQL: SHOW COLUMNS FROM `access` [ RunTime:0.0510s ]
SQL: SELECT a.*,m.id as m_id,m.`name`,m.modular,m.controller,m.method FROM access a LEFT JOIN menu m ON m.id = a.menu_id  WHERE ( user_id = 5 and `search`=1 )  [ RunTime:0.0500s ]
SQL: SHOW COLUMNS FROM `role` [ RunTime:0.0490s ]
SQL: SHOW COLUMNS FROM `role` [ RunTime:0.0500s ]
SQL: SELECT COUNT(*) AS tp_count FROM `role` LIMIT 1   [ RunTime:0.0490s ]
SQL: SHOW COLUMNS FROM `role` [ RunTime:0.0500s ]
SQL: SELECT * FROM `role` WHERE ( 1=1 ) ORDER BY id desc LIMIT 0,10   [ RunTime:0.0500s ]
INFO: [ view_parse ] --START--
INFO: [ template_filter ] --START--
INFO: Run Behavior\ContentReplaceBehavior [ RunTime:0.000000s ]
INFO: [ template_filter ] --END-- [ RunTime:0.000000s ]
INFO: Run Behavior\ParseTemplateBehavior [ RunTime:0.007000s ]
INFO: [ view_parse ] --END-- [ RunTime:0.007000s ]
INFO: [ view_filter ] --START--
INFO: Run Behavior\WriteHtmlCacheBehavior [ RunTime:0.001000s ]
INFO: [ view_filter ] --END-- [ RunTime:0.001000s ]
INFO: [ view_parse ] --START--
INFO: [ template_filter ] --START--
INFO: Run Behavior\ContentReplaceBehavior [ RunTime:0.000000s ]
INFO: [ template_filter ] --END-- [ RunTime:-0.004000s ]
INFO: Run Behavior\ParseTemplateBehavior [ RunTime:0.004000s ]
INFO: [ view_parse ] --END-- [ RunTime:-0.001000s ]
INFO: [ view_filter ] --START--
INFO: Run Behavior\WriteHtmlCacheBehavior [ RunTime:0.000000s ]
INFO: [ view_filter ] --END-- [ RunTime:-0.004000s ]
NOTIC: [2] Cannot modify header information - headers already sent by (output started at D:\PhpStudy\web\thinkphp\ThinkPHP\Library\Think\View.class.php:95) D:\PhpStudy\web\thinkphp\ThinkPHP\Library\Think\View.class.php 第 91 行.
NOTIC: [2] Cannot modify header information - headers already sent by (output started at D:\PhpStudy\web\thinkphp\ThinkPHP\Library\Think\View.class.php:95) D:\PhpStudy\web\thinkphp\ThinkPHP\Library\Think\View.class.php 第 92 行.
NOTIC: [2] Cannot modify header information - headers already sent by (output started at D:\PhpStudy\web\thinkphp\ThinkPHP\Library\Think\View.class.php:95) D:\PhpStudy\web\thinkphp\ThinkPHP\Library\Think\View.class.php 第 93 行.
INFO: [ app_end ] --START--
INFO: Run Behavior\ShowPageTraceBehavior [ RunTime:0.001000s ]
INFO: [ app_end ] --END-- [ RunTime:0.001000s ]

[ 2017-11-17T15:16:12+08:00 ] 127.0.0.1 /Admin/Role/index?page=1
INFO: [ app_init ] --START--
INFO: Run Behavior\BuildLiteBehavior [ RunTime:0.000000s ]
INFO: [ app_init ] --END-- [ RunTime:0.000000s ]
INFO: [ app_begin ] --START--
INFO: Run Behavior\ReadHtmlCacheBehavior [ RunTime:0.001001s ]
INFO: [ app_begin ] --END-- [ RunTime:0.001001s ]
SQL: SHOW COLUMNS FROM `access` [ RunTime:0.0710s ]
SQL: SHOW COLUMNS FROM `access` [ RunTime:0.0910s ]
SQL: SELECT a.*,m.id as m_id,m.`name`,m.modular,m.controller,m.method FROM access a LEFT JOIN menu m ON m.id = a.menu_id  WHERE ( user_id = 5 and `search`=1 )  [ RunTime:0.0590s ]
SQL: SHOW COLUMNS FROM `role` [ RunTime:0.0680s ]
SQL: SHOW COLUMNS FROM `role` [ RunTime:0.0690s ]
SQL: SELECT COUNT(*) AS tp_count FROM `role` LIMIT 1   [ RunTime:0.0580s ]
SQL: SHOW COLUMNS FROM `role` [ RunTime:0.0600s ]
SQL: SELECT * FROM `role` WHERE ( 1=1 ) ORDER BY id desc LIMIT 0,10   [ RunTime:0.0590s ]
INFO: [ view_parse ] --START--
INFO: [ template_filter ] --START--
INFO: Run Behavior\ContentReplaceBehavior [ RunTime:0.000000s ]
INFO: [ template_filter ] --END-- [ RunTime:0.000000s ]
INFO: Run Behavior\ParseTemplateBehavior [ RunTime:0.011001s ]
INFO: [ view_parse ] --END-- [ RunTime:0.012001s ]
INFO: [ view_filter ] --START--
INFO: Run Behavior\WriteHtmlCacheBehavior [ RunTime:0.001000s ]
INFO: [ view_filter ] --END-- [ RunTime:0.001000s ]
INFO: [ view_parse ] --START--
INFO: [ template_filter ] --START--
INFO: Run Behavior\ContentReplaceBehavior [ RunTime:0.000000s ]
INFO: [ template_filter ] --END-- [ RunTime:-0.006000s ]
INFO: Run Behavior\ParseTemplateBehavior [ RunTime:0.005000s ]
INFO: [ view_parse ] --END-- [ RunTime:-0.002000s ]
INFO: [ view_filter ] --START--
INFO: Run Behavior\WriteHtmlCacheBehavior [ RunTime:0.000000s ]
INFO: [ view_filter ] --END-- [ RunTime:-0.006000s ]
NOTIC: [2] Cannot modify header information - headers already sent by (output started at D:\PhpStudy\web\thinkphp\ThinkPHP\Library\Think\View.class.php:95) D:\PhpStudy\web\thinkphp\ThinkPHP\Library\Think\View.class.php 第 91 行.
NOTIC: [2] Cannot modify header information - headers already sent by (output started at D:\PhpStudy\web\thinkphp\ThinkPHP\Library\Think\View.class.php:95) D:\PhpStudy\web\thinkphp\ThinkPHP\Library\Think\View.class.php 第 92 行.
NOTIC: [2] Cannot modify header information - headers already sent by (output started at D:\PhpStudy\web\thinkphp\ThinkPHP\Library\Think\View.class.php:95) D:\PhpStudy\web\thinkphp\ThinkPHP\Library\Think\View.class.php 第 93 行.
INFO: [ app_end ] --START--
INFO: Run Behavior\ShowPageTraceBehavior [ RunTime:0.001000s ]
INFO: [ app_end ] --END-- [ RunTime:0.001000s ]

